[2020-03-09 17:29:33.9870] - INFO - Reading from /Users/andrea/Documents/BTS/07. Interface Development/Lecture9.framerfx (origin); preserving existing contents of project folder: true
[2020-03-09 17:29:33.9880] - INFO - Done reading
[2020-03-09 17:29:33.9880] - INFO - Marking changed: false
[2020-03-09 17:29:33.9900] - INFO - Marking changed: false
[2020-03-09 17:29:33.9940] - DEBUG - [Save session: 5] Completed super.save
[2020-03-09 17:29:34.8590] - INFO - Marking changed: false
[2020-03-09 17:29:34.8730] - INFO - GET 404 /node_modules/framer/build/framer.debug.js 180 B (1ms)
[2020-03-09 17:29:35.3770] - ERROR - Error: ENOENT: no such file or directory, scandir '/Users/andrea/Documents/BTS/07. Interface Development/Lecture9.framerfx/code'
[2020-03-09 17:29:35.3770] - ERROR -     at Object.readdirSync (fs.js:783:3)
[2020-03-09 17:29:35.3770] - ERROR -     at scandir (/Applications/Framer X.app/Contents/Resources/Server/lib/project.js:1265:32)
[2020-03-09 17:29:35.3770] - ERROR -     at Project.getCodeFilesAndFolders (/Applications/Framer X.app/Contents/Resources/Server/lib/project.js:1276:9)
[2020-03-09 17:29:35.3770] - ERROR -     at Server.app.get (/Applications/Framer X.app/Contents/Resources/Server/lib/server.js:136:37)
[2020-03-09 17:29:35.3770] - ERROR -     at Layer.handle [as handle_request] (/Applications/Framer X.app/Contents/Resources/Server/node_modules/express/lib/router/layer.js:95:5)
[2020-03-09 17:29:35.3770] - ERROR -     at next (/Applications/Framer X.app/Contents/Resources/Server/node_modules/express/lib/router/route.js:137:13)
[2020-03-09 17:29:35.3770] - ERROR -     at exports.isAuthenticated (/Applications/Framer X.app/Contents/Resources/Server/lib/middleware.js:79:9)
[2020-03-09 17:29:35.3770] - ERROR -     at Layer.handle [as handle_request] (/Applications/Framer X.app/Contents/Resources/Server/node_modules/express/lib/router/layer.js:95:5)
[2020-03-09 17:29:35.3770] - ERROR -     at next (/Applications/Framer X.app/Contents/Resources/Server/node_modules/express/lib/router/route.js:137:13)
[2020-03-09 17:29:35.3770] - ERROR -     at Route.dispatch (/Applications/Framer X.app/Contents/Resources/Server/node_modules/express/lib/router/route.js:112:3)
[2020-03-09 17:30:05.3720] - ERROR - Error: ENOENT: no such file or directory, scandir '/Users/andrea/Documents/BTS/07. Interface Development/Lecture9.framerfx/code'
[2020-03-09 17:30:05.3720] - ERROR -     at Object.readdirSync (fs.js:783:3)
[2020-03-09 17:30:05.3720] - ERROR -     at scandir (/Applications/Framer X.app/Contents/Resources/Server/lib/project.js:1265:32)
[2020-03-09 17:30:05.3720] - ERROR -     at Project.getCodeFilesAndFolders (/Applications/Framer X.app/Contents/Resources/Server/lib/project.js:1276:9)
[2020-03-09 17:30:05.3720] - ERROR -     at Server.app.get (/Applications/Framer X.app/Contents/Resources/Server/lib/server.js:136:37)
[2020-03-09 17:30:05.3720] - ERROR -     at Layer.handle [as handle_request] (/Applications/Framer X.app/Contents/Resources/Server/node_modules/express/lib/router/layer.js:95:5)
[2020-03-09 17:30:05.3720] - ERROR -     at next (/Applications/Framer X.app/Contents/Resources/Server/node_modules/express/lib/router/route.js:137:13)
[2020-03-09 17:30:05.3720] - ERROR -     at exports.isAuthenticated (/Applications/Framer X.app/Contents/Resources/Server/lib/middleware.js:79:9)
[2020-03-09 17:30:05.3720] - ERROR -     at Layer.handle [as handle_request] (/Applications/Framer X.app/Contents/Resources/Server/node_modules/express/lib/router/layer.js:95:5)
[2020-03-09 17:30:05.3720] - ERROR -     at next (/Applications/Framer X.app/Contents/Resources/Server/node_modules/express/lib/router/route.js:137:13)
[2020-03-09 17:30:05.3720] - ERROR -     at Route.dispatch (/Applications/Framer X.app/Contents/Resources/Server/node_modules/express/lib/router/route.js:112:3)
[2020-03-09 17:30:22.8850] - ERROR - yarn outdated: No lockfile in this directory. Run `yarn install` to generate one.
[2020-03-09 17:30:35.3780] - ERROR - Error: ENOENT: no such file or directory, scandir '/Users/andrea/Documents/BTS/07. Interface Development/Lecture9.framerfx/code'
[2020-03-09 17:30:35.3780] - ERROR -     at Object.readdirSync (fs.js:783:3)
[2020-03-09 17:30:35.3780] - ERROR -     at scandir (/Applications/Framer X.app/Contents/Resources/Server/lib/project.js:1265:32)
[2020-03-09 17:30:35.3780] - ERROR -     at Project.getCodeFilesAndFolders (/Applications/Framer X.app/Contents/Resources/Server/lib/project.js:1276:9)
[2020-03-09 17:30:35.3780] - ERROR -     at Server.app.get (/Applications/Framer X.app/Contents/Resources/Server/lib/server.js:136:37)
[2020-03-09 17:30:35.3780] - ERROR -     at Layer.handle [as handle_request] (/Applications/Framer X.app/Contents/Resources/Server/node_modules/express/lib/router/layer.js:95:5)
[2020-03-09 17:30:35.3780] - ERROR -     at next (/Applications/Framer X.app/Contents/Resources/Server/node_modules/express/lib/router/route.js:137:13)
[2020-03-09 17:30:35.3780] - ERROR -     at exports.isAuthenticated (/Applications/Framer X.app/Contents/Resources/Server/lib/middleware.js:79:9)
[2020-03-09 17:30:35.3780] - ERROR -     at Layer.handle [as handle_request] (/Applications/Framer X.app/Contents/Resources/Server/node_modules/express/lib/router/layer.js:95:5)
[2020-03-09 17:30:35.3780] - ERROR -     at next (/Applications/Framer X.app/Contents/Resources/Server/node_modules/express/lib/router/route.js:137:13)
[2020-03-09 17:30:35.3780] - ERROR -     at Route.dispatch (/Applications/Framer X.app/Contents/Resources/Server/node_modules/express/lib/router/route.js:112:3)
[2020-03-09 17:31:05.3790] - ERROR - Error: ENOENT: no such file or directory, scandir '/Users/andrea/Documents/BTS/07. Interface Development/Lecture9.framerfx/code'
[2020-03-09 17:31:05.3800] - ERROR -     at Object.readdirSync (fs.js:783:3)
[2020-03-09 17:31:05.3800] - ERROR -     at scandir (/Applications/Framer X.app/Contents/Resources/Server/lib/project.js:1265:32)
[2020-03-09 17:31:05.3800] - ERROR -     at Project.getCodeFilesAndFolders (/Applications/Framer X.app/Contents/Resources/Server/lib/project.js:1276:9)
[2020-03-09 17:31:05.3800] - ERROR -     at Server.app.get (/Applications/Framer X.app/Contents/Resources/Server/lib/server.js:136:37)
[2020-03-09 17:31:05.3800] - ERROR -     at Layer.handle [as handle_request] (/Applications/Framer X.app/Contents/Resources/Server/node_modules/express/lib/router/layer.js:95:5)
[2020-03-09 17:31:05.3800] - ERROR -     at next (/Applications/Framer X.app/Contents/Resources/Server/node_modules/express/lib/router/route.js:137:13)
[2020-03-09 17:31:05.3800] - ERROR -     at exports.isAuthenticated (/Applications/Framer X.app/Contents/Resources/Server/lib/middleware.js:79:9)
[2020-03-09 17:31:05.3800] - ERROR -     at Layer.handle [as handle_request] (/Applications/Framer X.app/Contents/Resources/Server/node_modules/express/lib/router/layer.js:95:5)
[2020-03-09 17:31:05.3800] - ERROR -     at next (/Applications/Framer X.app/Contents/Resources/Server/node_modules/express/lib/router/route.js:137:13)
[2020-03-09 17:31:05.3810] - ERROR -     at Route.dispatch (/Applications/Framer X.app/Contents/Resources/Server/node_modules/express/lib/router/route.js:112:3)
[2020-03-09 17:31:35.3800] - ERROR - Error: ENOENT: no such file or directory, scandir '/Users/andrea/Documents/BTS/07. Interface Development/Lecture9.framerfx/code'
[2020-03-09 17:31:35.3800] - ERROR -     at Object.readdirSync (fs.js:783:3)
[2020-03-09 17:31:35.3800] - ERROR -     at scandir (/Applications/Framer X.app/Contents/Resources/Server/lib/project.js:1265:32)
[2020-03-09 17:31:35.3800] - ERROR -     at Project.getCodeFilesAndFolders (/Applications/Framer X.app/Contents/Resources/Server/lib/project.js:1276:9)
[2020-03-09 17:31:35.3810] - ERROR -     at Server.app.get (/Applications/Framer X.app/Contents/Resources/Server/lib/server.js:136:37)
[2020-03-09 17:31:35.3810] - ERROR -     at Layer.handle [as handle_request] (/Applications/Framer X.app/Contents/Resources/Server/node_modules/express/lib/router/layer.js:95:5)
[2020-03-09 17:31:35.3810] - ERROR -     at next (/Applications/Framer X.app/Contents/Resources/Server/node_modules/express/lib/router/route.js:137:13)
[2020-03-09 17:31:35.3810] - ERROR -     at exports.isAuthenticated (/Applications/Framer X.app/Contents/Resources/Server/lib/middleware.js:79:9)
[2020-03-09 17:31:35.3810] - ERROR -     at Layer.handle [as handle_request] (/Applications/Framer X.app/Contents/Resources/Server/node_modules/express/lib/router/layer.js:95:5)
[2020-03-09 17:31:35.3810] - ERROR -     at next (/Applications/Framer X.app/Contents/Resources/Server/node_modules/express/lib/router/route.js:137:13)
[2020-03-09 17:31:35.3810] - ERROR -     at Route.dispatch (/Applications/Framer X.app/Contents/Resources/Server/node_modules/express/lib/router/route.js:112:3)
[2020-03-09 17:32:05.3820] - ERROR - Error: ENOENT: no such file or directory, scandir '/Users/andrea/Documents/BTS/07. Interface Development/Lecture9.framerfx/code'
[2020-03-09 17:32:05.3830] - ERROR -     at Object.readdirSync (fs.js:783:3)
[2020-03-09 17:32:05.3830] - ERROR -     at scandir (/Applications/Framer X.app/Contents/Resources/Server/lib/project.js:1265:32)
[2020-03-09 17:32:05.3830] - ERROR -     at Project.getCodeFilesAndFolders (/Applications/Framer X.app/Contents/Resources/Server/lib/project.js:1276:9)
[2020-03-09 17:32:05.3830] - ERROR -     at Server.app.get (/Applications/Framer X.app/Contents/Resources/Server/lib/server.js:136:37)
[2020-03-09 17:32:05.3830] - ERROR -     at Layer.handle [as handle_request] (/Applications/Framer X.app/Contents/Resources/Server/node_modules/express/lib/router/layer.js:95:5)
[2020-03-09 17:32:05.3830] - ERROR -     at next (/Applications/Framer X.app/Contents/Resources/Server/node_modules/express/lib/router/route.js:137:13)
[2020-03-09 17:32:05.3830] - ERROR -     at exports.isAuthenticated (/Applications/Framer X.app/Contents/Resources/Server/lib/middleware.js:79:9)
[2020-03-09 17:32:05.3830] - ERROR -     at Layer.handle [as handle_request] (/Applications/Framer X.app/Contents/Resources/Server/node_modules/express/lib/router/layer.js:95:5)
[2020-03-09 17:32:05.3840] - ERROR -     at next (/Applications/Framer X.app/Contents/Resources/Server/node_modules/express/lib/router/route.js:137:13)
[2020-03-09 17:32:05.3840] - ERROR -     at Route.dispatch (/Applications/Framer X.app/Contents/Resources/Server/node_modules/express/lib/router/route.js:112:3)
[2020-03-09 17:32:22.8650] - ERROR - yarn outdated: No lockfile in this directory. Run `yarn install` to generate one.
[2020-03-09 17:32:35.3770] - ERROR - Error: ENOENT: no such file or directory, scandir '/Users/andrea/Documents/BTS/07. Interface Development/Lecture9.framerfx/code'
[2020-03-09 17:32:35.3770] - ERROR -     at Object.readdirSync (fs.js:783:3)
[2020-03-09 17:32:35.3770] - ERROR -     at scandir (/Applications/Framer X.app/Contents/Resources/Server/lib/project.js:1265:32)
[2020-03-09 17:32:35.3780] - ERROR -     at Project.getCodeFilesAndFolders (/Applications/Framer X.app/Contents/Resources/Server/lib/project.js:1276:9)
[2020-03-09 17:32:35.3780] - ERROR -     at Server.app.get (/Applications/Framer X.app/Contents/Resources/Server/lib/server.js:136:37)
[2020-03-09 17:32:35.3780] - ERROR -     at Layer.handle [as handle_request] (/Applications/Framer X.app/Contents/Resources/Server/node_modules/express/lib/router/layer.js:95:5)
[2020-03-09 17:32:35.3780] - ERROR -     at next (/Applications/Framer X.app/Contents/Resources/Server/node_modules/express/lib/router/route.js:137:13)
[2020-03-09 17:32:35.3780] - ERROR -     at exports.isAuthenticated (/Applications/Framer X.app/Contents/Resources/Server/lib/middleware.js:79:9)
[2020-03-09 17:32:35.3780] - ERROR -     at Layer.handle [as handle_request] (/Applications/Framer X.app/Contents/Resources/Server/node_modules/express/lib/router/layer.js:95:5)
[2020-03-09 17:32:35.3780] - ERROR -     at next (/Applications/Framer X.app/Contents/Resources/Server/node_modules/express/lib/router/route.js:137:13)
[2020-03-09 17:32:35.3780] - ERROR -     at Route.dispatch (/Applications/Framer X.app/Contents/Resources/Server/node_modules/express/lib/router/route.js:112:3)
[2020-03-09 17:33:05.3840] - ERROR - Error: ENOENT: no such file or directory, scandir '/Users/andrea/Documents/BTS/07. Interface Development/Lecture9.framerfx/code'
[2020-03-09 17:33:05.3850] - ERROR -     at Object.readdirSync (fs.js:783:3)
[2020-03-09 17:33:05.3850] - ERROR -     at scandir (/Applications/Framer X.app/Contents/Resources/Server/lib/project.js:1265:32)
[2020-03-09 17:33:05.3850] - ERROR -     at Project.getCodeFilesAndFolders (/Applications/Framer X.app/Contents/Resources/Server/lib/project.js:1276:9)
[2020-03-09 17:33:05.3850] - ERROR -     at Server.app.get (/Applications/Framer X.app/Contents/Resources/Server/lib/server.js:136:37)
[2020-03-09 17:33:05.3850] - ERROR -     at Layer.handle [as handle_request] (/Applications/Framer X.app/Contents/Resources/Server/node_modules/express/lib/router/layer.js:95:5)
[2020-03-09 17:33:05.3850] - ERROR -     at next (/Applications/Framer X.app/Contents/Resources/Server/node_modules/express/lib/router/route.js:137:13)
[2020-03-09 17:33:05.3850] - ERROR -     at exports.isAuthenticated (/Applications/Framer X.app/Contents/Resources/Server/lib/middleware.js:79:9)
[2020-03-09 17:33:05.3850] - ERROR -     at Layer.handle [as handle_request] (/Applications/Framer X.app/Contents/Resources/Server/node_modules/express/lib/router/layer.js:95:5)
[2020-03-09 17:33:05.3850] - ERROR -     at next (/Applications/Framer X.app/Contents/Resources/Server/node_modules/express/lib/router/route.js:137:13)
[2020-03-09 17:33:05.3850] - ERROR -     at Route.dispatch (/Applications/Framer X.app/Contents/Resources/Server/node_modules/express/lib/router/route.js:112:3)
[2020-03-09 17:33:35.3850] - ERROR - Error: ENOENT: no such file or directory, scandir '/Users/andrea/Documents/BTS/07. Interface Development/Lecture9.framerfx/code'
[2020-03-09 17:33:35.3850] - ERROR -     at Object.readdirSync (fs.js:783:3)
[2020-03-09 17:33:35.3850] - ERROR -     at scandir (/Applications/Framer X.app/Contents/Resources/Server/lib/project.js:1265:32)
[2020-03-09 17:33:35.3850] - ERROR -     at Project.getCodeFilesAndFolders (/Applications/Framer X.app/Contents/Resources/Server/lib/project.js:1276:9)
[2020-03-09 17:33:35.3850] - ERROR -     at Server.app.get (/Applications/Framer X.app/Contents/Resources/Server/lib/server.js:136:37)
[2020-03-09 17:33:35.3850] - ERROR -     at Layer.handle [as handle_request] (/Applications/Framer X.app/Contents/Resources/Server/node_modules/express/lib/router/layer.js:95:5)
[2020-03-09 17:33:35.3860] - ERROR -     at next (/Applications/Framer X.app/Contents/Resources/Server/node_modules/express/lib/router/route.js:137:13)
[2020-03-09 17:33:35.3860] - ERROR -     at exports.isAuthenticated (/Applications/Framer X.app/Contents/Resources/Server/lib/middleware.js:79:9)
[2020-03-09 17:33:35.3860] - ERROR -     at Layer.handle [as handle_request] (/Applications/Framer X.app/Contents/Resources/Server/node_modules/express/lib/router/layer.js:95:5)
[2020-03-09 17:33:35.3860] - ERROR -     at next (/Applications/Framer X.app/Contents/Resources/Server/node_modules/express/lib/router/route.js:137:13)
[2020-03-09 17:33:35.3860] - ERROR -     at Route.dispatch (/Applications/Framer X.app/Contents/Resources/Server/node_modules/express/lib/router/route.js:112:3)
[2020-03-09 17:34:05.3850] - ERROR - Error: ENOENT: no such file or directory, scandir '/Users/andrea/Documents/BTS/07. Interface Development/Lecture9.framerfx/code'
[2020-03-09 17:34:05.3850] - ERROR -     at Object.readdirSync (fs.js:783:3)
[2020-03-09 17:34:05.3860] - ERROR -     at scandir (/Applications/Framer X.app/Contents/Resources/Server/lib/project.js:1265:32)
[2020-03-09 17:34:05.3860] - ERROR -     at Project.getCodeFilesAndFolders (/Applications/Framer X.app/Contents/Resources/Server/lib/project.js:1276:9)
[2020-03-09 17:34:05.3860] - ERROR -     at Server.app.get (/Applications/Framer X.app/Contents/Resources/Server/lib/server.js:136:37)
[2020-03-09 17:34:05.3860] - ERROR -     at Layer.handle [as handle_request] (/Applications/Framer X.app/Contents/Resources/Server/node_modules/express/lib/router/layer.js:95:5)
[2020-03-09 17:34:05.3860] - ERROR -     at next (/Applications/Framer X.app/Contents/Resources/Server/node_modules/express/lib/router/route.js:137:13)
[2020-03-09 17:34:05.3860] - ERROR -     at exports.isAuthenticated (/Applications/Framer X.app/Contents/Resources/Server/lib/middleware.js:79:9)
[2020-03-09 17:34:05.3860] - ERROR -     at Layer.handle [as handle_request] (/Applications/Framer X.app/Contents/Resources/Server/node_modules/express/lib/router/layer.js:95:5)
[2020-03-09 17:34:05.3860] - ERROR -     at next (/Applications/Framer X.app/Contents/Resources/Server/node_modules/express/lib/router/route.js:137:13)
[2020-03-09 17:34:05.3860] - ERROR -     at Route.dispatch (/Applications/Framer X.app/Contents/Resources/Server/node_modules/express/lib/router/route.js:112:3)
[2020-03-09 17:34:22.8740] - ERROR - yarn outdated: No lockfile in this directory. Run `yarn install` to generate one.
[2020-03-09 17:34:35.3850] - ERROR - Error: ENOENT: no such file or directory, scandir '/Users/andrea/Documents/BTS/07. Interface Development/Lecture9.framerfx/code'
[2020-03-09 17:34:35.3860] - ERROR -     at Object.readdirSync (fs.js:783:3)
[2020-03-09 17:34:35.3860] - ERROR -     at scandir (/Applications/Framer X.app/Contents/Resources/Server/lib/project.js:1265:32)
[2020-03-09 17:34:35.3860] - ERROR -     at Project.getCodeFilesAndFolders (/Applications/Framer X.app/Contents/Resources/Server/lib/project.js:1276:9)
[2020-03-09 17:34:35.3860] - ERROR -     at Server.app.get (/Applications/Framer X.app/Contents/Resources/Server/lib/server.js:136:37)
[2020-03-09 17:34:35.3860] - ERROR -     at Layer.handle [as handle_request] (/Applications/Framer X.app/Contents/Resources/Server/node_modules/express/lib/router/layer.js:95:5)
[2020-03-09 17:34:35.3860] - ERROR -     at next (/Applications/Framer X.app/Contents/Resources/Server/node_modules/express/lib/router/route.js:137:13)
[2020-03-09 17:34:35.3860] - ERROR -     at exports.isAuthenticated (/Applications/Framer X.app/Contents/Resources/Server/lib/middleware.js:79:9)
[2020-03-09 17:34:35.3870] - ERROR -     at Layer.handle [as handle_request] (/Applications/Framer X.app/Contents/Resources/Server/node_modules/express/lib/router/layer.js:95:5)
[2020-03-09 17:34:35.3870] - ERROR -     at next (/Applications/Framer X.app/Contents/Resources/Server/node_modules/express/lib/router/route.js:137:13)
[2020-03-09 17:34:35.3870] - ERROR -     at Route.dispatch (/Applications/Framer X.app/Contents/Resources/Server/node_modules/express/lib/router/route.js:112:3)
[2020-03-09 17:35:05.3860] - ERROR - Error: ENOENT: no such file or directory, scandir '/Users/andrea/Documents/BTS/07. Interface Development/Lecture9.framerfx/code'
[2020-03-09 17:35:05.3870] - ERROR -     at Object.readdirSync (fs.js:783:3)
[2020-03-09 17:35:05.3870] - ERROR -     at scandir (/Applications/Framer X.app/Contents/Resources/Server/lib/project.js:1265:32)
[2020-03-09 17:35:05.3870] - ERROR -     at Project.getCodeFilesAndFolders (/Applications/Framer X.app/Contents/Resources/Server/lib/project.js:1276:9)
[2020-03-09 17:35:05.3870] - ERROR -     at Server.app.get (/Applications/Framer X.app/Contents/Resources/Server/lib/server.js:136:37)
[2020-03-09 17:35:05.3870] - ERROR -     at Layer.handle [as handle_request] (/Applications/Framer X.app/Contents/Resources/Server/node_modules/express/lib/router/layer.js:95:5)
[2020-03-09 17:35:05.3870] - ERROR -     at next (/Applications/Framer X.app/Contents/Resources/Server/node_modules/express/lib/router/route.js:137:13)
[2020-03-09 17:35:05.3870] - ERROR -     at exports.isAuthenticated (/Applications/Framer X.app/Contents/Resources/Server/lib/middleware.js:79:9)
[2020-03-09 17:35:05.3870] - ERROR -     at Layer.handle [as handle_request] (/Applications/Framer X.app/Contents/Resources/Server/node_modules/express/lib/router/layer.js:95:5)
[2020-03-09 17:35:05.3870] - ERROR -     at next (/Applications/Framer X.app/Contents/Resources/Server/node_modules/express/lib/router/route.js:137:13)
[2020-03-09 17:35:05.3870] - ERROR -     at Route.dispatch (/Applications/Framer X.app/Contents/Resources/Server/node_modules/express/lib/router/route.js:112:3)
[2020-03-09 17:35:35.3960] - ERROR - Error: ENOENT: no such file or directory, scandir '/Users/andrea/Documents/BTS/07. Interface Development/Lecture9.framerfx/code'
[2020-03-09 17:35:35.3960] - ERROR -     at Object.readdirSync (fs.js:783:3)
[2020-03-09 17:35:35.3960] - ERROR -     at scandir (/Applications/Framer X.app/Contents/Resources/Server/lib/project.js:1265:32)
[2020-03-09 17:35:35.3960] - ERROR -     at Project.getCodeFilesAndFolders (/Applications/Framer X.app/Contents/Resources/Server/lib/project.js:1276:9)
[2020-03-09 17:35:35.3960] - ERROR -     at Server.app.get (/Applications/Framer X.app/Contents/Resources/Server/lib/server.js:136:37)
[2020-03-09 17:35:35.3960] - ERROR -     at Layer.handle [as handle_request] (/Applications/Framer X.app/Contents/Resources/Server/node_modules/express/lib/router/layer.js:95:5)
[2020-03-09 17:35:35.3960] - ERROR -     at next (/Applications/Framer X.app/Contents/Resources/Server/node_modules/express/lib/router/route.js:137:13)
[2020-03-09 17:35:35.3960] - ERROR -     at exports.isAuthenticated (/Applications/Framer X.app/Contents/Resources/Server/lib/middleware.js:79:9)
[2020-03-09 17:35:35.3970] - ERROR -     at Layer.handle [as handle_request] (/Applications/Framer X.app/Contents/Resources/Server/node_modules/express/lib/router/layer.js:95:5)
[2020-03-09 17:35:35.3970] - ERROR -     at next (/Applications/Framer X.app/Contents/Resources/Server/node_modules/express/lib/router/route.js:137:13)
[2020-03-09 17:35:35.3970] - ERROR -     at Route.dispatch (/Applications/Framer X.app/Contents/Resources/Server/node_modules/express/lib/router/route.js:112:3)
[2020-03-09 17:36:05.3880] - ERROR - Error: ENOENT: no such file or directory, scandir '/Users/andrea/Documents/BTS/07. Interface Development/Lecture9.framerfx/code'
[2020-03-09 17:36:05.3880] - ERROR -     at Object.readdirSync (fs.js:783:3)
[2020-03-09 17:36:05.3890] - ERROR -     at scandir (/Applications/Framer X.app/Contents/Resources/Server/lib/project.js:1265:32)
[2020-03-09 17:36:05.3890] - ERROR -     at Project.getCodeFilesAndFolders (/Applications/Framer X.app/Contents/Resources/Server/lib/project.js:1276:9)
[2020-03-09 17:36:05.3890] - ERROR -     at Server.app.get (/Applications/Framer X.app/Contents/Resources/Server/lib/server.js:136:37)
[2020-03-09 17:36:05.3890] - ERROR -     at Layer.handle [as handle_request] (/Applications/Framer X.app/Contents/Resources/Server/node_modules/express/lib/router/layer.js:95:5)
[2020-03-09 17:36:05.3890] - ERROR -     at next (/Applications/Framer X.app/Contents/Resources/Server/node_modules/express/lib/router/route.js:137:13)
[2020-03-09 17:36:05.3890] - ERROR -     at exports.isAuthenticated (/Applications/Framer X.app/Contents/Resources/Server/lib/middleware.js:79:9)
[2020-03-09 17:36:05.3890] - ERROR -     at Layer.handle [as handle_request] (/Applications/Framer X.app/Contents/Resources/Server/node_modules/express/lib/router/layer.js:95:5)
[2020-03-09 17:36:05.3890] - ERROR -     at next (/Applications/Framer X.app/Contents/Resources/Server/node_modules/express/lib/router/route.js:137:13)
[2020-03-09 17:36:05.3890] - ERROR -     at Route.dispatch (/Applications/Framer X.app/Contents/Resources/Server/node_modules/express/lib/router/route.js:112:3)
[2020-03-09 17:36:22.8680] - ERROR - yarn outdated: No lockfile in this directory. Run `yarn install` to generate one.
[2020-03-09 17:36:35.3830] - ERROR - Error: ENOENT: no such file or directory, scandir '/Users/andrea/Documents/BTS/07. Interface Development/Lecture9.framerfx/code'
[2020-03-09 17:36:35.3830] - ERROR -     at Object.readdirSync (fs.js:783:3)
[2020-03-09 17:36:35.3830] - ERROR -     at scandir (/Applications/Framer X.app/Contents/Resources/Server/lib/project.js:1265:32)
[2020-03-09 17:36:35.3840] - ERROR -     at Project.getCodeFilesAndFolders (/Applications/Framer X.app/Contents/Resources/Server/lib/project.js:1276:9)
[2020-03-09 17:36:35.3840] - ERROR -     at Server.app.get (/Applications/Framer X.app/Contents/Resources/Server/lib/server.js:136:37)
[2020-03-09 17:36:35.3840] - ERROR -     at Layer.handle [as handle_request] (/Applications/Framer X.app/Contents/Resources/Server/node_modules/express/lib/router/layer.js:95:5)
[2020-03-09 17:36:35.3840] - ERROR -     at next (/Applications/Framer X.app/Contents/Resources/Server/node_modules/express/lib/router/route.js:137:13)
[2020-03-09 17:36:35.3840] - ERROR -     at exports.isAuthenticated (/Applications/Framer X.app/Contents/Resources/Server/lib/middleware.js:79:9)
[2020-03-09 17:36:35.3840] - ERROR -     at Layer.handle [as handle_request] (/Applications/Framer X.app/Contents/Resources/Server/node_modules/express/lib/router/layer.js:95:5)
[2020-03-09 17:36:35.3840] - ERROR -     at next (/Applications/Framer X.app/Contents/Resources/Server/node_modules/express/lib/router/route.js:137:13)
[2020-03-09 17:36:35.3840] - ERROR -     at Route.dispatch (/Applications/Framer X.app/Contents/Resources/Server/node_modules/express/lib/router/route.js:112:3)
[2020-03-09 17:37:05.3900] - ERROR - Error: ENOENT: no such file or directory, scandir '/Users/andrea/Documents/BTS/07. Interface Development/Lecture9.framerfx/code'
[2020-03-09 17:37:05.3900] - ERROR -     at Object.readdirSync (fs.js:783:3)
[2020-03-09 17:37:05.3900] - ERROR -     at scandir (/Applications/Framer X.app/Contents/Resources/Server/lib/project.js:1265:32)
[2020-03-09 17:37:05.3900] - ERROR -     at Project.getCodeFilesAndFolders (/Applications/Framer X.app/Contents/Resources/Server/lib/project.js:1276:9)
[2020-03-09 17:37:05.3900] - ERROR -     at Server.app.get (/Applications/Framer X.app/Contents/Resources/Server/lib/server.js:136:37)
[2020-03-09 17:37:05.3910] - ERROR -     at Layer.handle [as handle_request] (/Applications/Framer X.app/Contents/Resources/Server/node_modules/express/lib/router/layer.js:95:5)
[2020-03-09 17:37:05.3910] - ERROR -     at next (/Applications/Framer X.app/Contents/Resources/Server/node_modules/express/lib/router/route.js:137:13)
[2020-03-09 17:37:05.3910] - ERROR -     at exports.isAuthenticated (/Applications/Framer X.app/Contents/Resources/Server/lib/middleware.js:79:9)
[2020-03-09 17:37:05.3910] - ERROR -     at Layer.handle [as handle_request] (/Applications/Framer X.app/Contents/Resources/Server/node_modules/express/lib/router/layer.js:95:5)
[2020-03-09 17:37:05.3910] - ERROR -     at next (/Applications/Framer X.app/Contents/Resources/Server/node_modules/express/lib/router/route.js:137:13)
[2020-03-09 17:37:05.3910] - ERROR -     at Route.dispatch (/Applications/Framer X.app/Contents/Resources/Server/node_modules/express/lib/router/route.js:112:3)
[2020-03-09 17:37:35.3900] - ERROR - Error: ENOENT: no such file or directory, scandir '/Users/andrea/Documents/BTS/07. Interface Development/Lecture9.framerfx/code'
[2020-03-09 17:37:35.3900] - ERROR -     at Object.readdirSync (fs.js:783:3)
[2020-03-09 17:37:35.3900] - ERROR -     at scandir (/Applications/Framer X.app/Contents/Resources/Server/lib/project.js:1265:32)
[2020-03-09 17:37:35.3900] - ERROR -     at Project.getCodeFilesAndFolders (/Applications/Framer X.app/Contents/Resources/Server/lib/project.js:1276:9)
[2020-03-09 17:37:35.3900] - ERROR -     at Server.app.get (/Applications/Framer X.app/Contents/Resources/Server/lib/server.js:136:37)
[2020-03-09 17:37:35.3900] - ERROR -     at Layer.handle [as handle_request] (/Applications/Framer X.app/Contents/Resources/Server/node_modules/express/lib/router/layer.js:95:5)
[2020-03-09 17:37:35.3900] - ERROR -     at next (/Applications/Framer X.app/Contents/Resources/Server/node_modules/express/lib/router/route.js:137:13)
[2020-03-09 17:37:35.3910] - ERROR -     at exports.isAuthenticated (/Applications/Framer X.app/Contents/Resources/Server/lib/middleware.js:79:9)
[2020-03-09 17:37:35.3910] - ERROR -     at Layer.handle [as handle_request] (/Applications/Framer X.app/Contents/Resources/Server/node_modules/express/lib/router/layer.js:95:5)
[2020-03-09 17:37:35.3910] - ERROR -     at next (/Applications/Framer X.app/Contents/Resources/Server/node_modules/express/lib/router/route.js:137:13)
[2020-03-09 17:37:35.3910] - ERROR -     at Route.dispatch (/Applications/Framer X.app/Contents/Resources/Server/node_modules/express/lib/router/route.js:112:3)
[2020-03-09 17:38:05.3910] - ERROR - Error: ENOENT: no such file or directory, scandir '/Users/andrea/Documents/BTS/07. Interface Development/Lecture9.framerfx/code'
[2020-03-09 17:38:05.3910] - ERROR -     at Object.readdirSync (fs.js:783:3)
[2020-03-09 17:38:05.3910] - ERROR -     at scandir (/Applications/Framer X.app/Contents/Resources/Server/lib/project.js:1265:32)
[2020-03-09 17:38:05.3910] - ERROR -     at Project.getCodeFilesAndFolders (/Applications/Framer X.app/Contents/Resources/Server/lib/project.js:1276:9)
[2020-03-09 17:38:05.3910] - ERROR -     at Server.app.get (/Applications/Framer X.app/Contents/Resources/Server/lib/server.js:136:37)
[2020-03-09 17:38:05.3920] - ERROR -     at Layer.handle [as handle_request] (/Applications/Framer X.app/Contents/Resources/Server/node_modules/express/lib/router/layer.js:95:5)
[2020-03-09 17:38:05.3920] - ERROR -     at next (/Applications/Framer X.app/Contents/Resources/Server/node_modules/express/lib/router/route.js:137:13)
[2020-03-09 17:38:05.3920] - ERROR -     at exports.isAuthenticated (/Applications/Framer X.app/Contents/Resources/Server/lib/middleware.js:79:9)
[2020-03-09 17:38:05.3920] - ERROR -     at Layer.handle [as handle_request] (/Applications/Framer X.app/Contents/Resources/Server/node_modules/express/lib/router/layer.js:95:5)
[2020-03-09 17:38:05.3920] - ERROR -     at next (/Applications/Framer X.app/Contents/Resources/Server/node_modules/express/lib/router/route.js:137:13)
[2020-03-09 17:38:05.3920] - ERROR -     at Route.dispatch (/Applications/Framer X.app/Contents/Resources/Server/node_modules/express/lib/router/route.js:112:3)
[2020-03-09 17:38:22.8700] - ERROR - yarn outdated: No lockfile in this directory. Run `yarn install` to generate one.
[2020-03-09 17:38:35.3920] - ERROR - Error: ENOENT: no such file or directory, scandir '/Users/andrea/Documents/BTS/07. Interface Development/Lecture9.framerfx/code'
[2020-03-09 17:38:35.3920] - ERROR -     at Object.readdirSync (fs.js:783:3)
[2020-03-09 17:38:35.3930] - ERROR -     at scandir (/Applications/Framer X.app/Contents/Resources/Server/lib/project.js:1265:32)
[2020-03-09 17:38:35.3930] - ERROR -     at Project.getCodeFilesAndFolders (/Applications/Framer X.app/Contents/Resources/Server/lib/project.js:1276:9)
[2020-03-09 17:38:35.3930] - ERROR -     at Server.app.get (/Applications/Framer X.app/Contents/Resources/Server/lib/server.js:136:37)
[2020-03-09 17:38:35.3930] - ERROR -     at Layer.handle [as handle_request] (/Applications/Framer X.app/Contents/Resources/Server/node_modules/express/lib/router/layer.js:95:5)
[2020-03-09 17:38:35.3930] - ERROR -     at next (/Applications/Framer X.app/Contents/Resources/Server/node_modules/express/lib/router/route.js:137:13)
[2020-03-09 17:38:35.3930] - ERROR -     at exports.isAuthenticated (/Applications/Framer X.app/Contents/Resources/Server/lib/middleware.js:79:9)
[2020-03-09 17:38:35.3930] - ERROR -     at Layer.handle [as handle_request] (/Applications/Framer X.app/Contents/Resources/Server/node_modules/express/lib/router/layer.js:95:5)
[2020-03-09 17:38:35.3930] - ERROR -     at next (/Applications/Framer X.app/Contents/Resources/Server/node_modules/express/lib/router/route.js:137:13)
[2020-03-09 17:38:35.3930] - ERROR -     at Route.dispatch (/Applications/Framer X.app/Contents/Resources/Server/node_modules/express/lib/router/route.js:112:3)
[2020-03-09 17:39:05.3920] - ERROR - Error: ENOENT: no such file or directory, scandir '/Users/andrea/Documents/BTS/07. Interface Development/Lecture9.framerfx/code'
[2020-03-09 17:39:05.3920] - ERROR -     at Object.readdirSync (fs.js:783:3)
[2020-03-09 17:39:05.3920] - ERROR -     at scandir (/Applications/Framer X.app/Contents/Resources/Server/lib/project.js:1265:32)
[2020-03-09 17:39:05.3920] - ERROR -     at Project.getCodeFilesAndFolders (/Applications/Framer X.app/Contents/Resources/Server/lib/project.js:1276:9)
[2020-03-09 17:39:05.3930] - ERROR -     at Server.app.get (/Applications/Framer X.app/Contents/Resources/Server/lib/server.js:136:37)
[2020-03-09 17:39:05.3930] - ERROR -     at Layer.handle [as handle_request] (/Applications/Framer X.app/Contents/Resources/Server/node_modules/express/lib/router/layer.js:95:5)
[2020-03-09 17:39:05.3930] - ERROR -     at next (/Applications/Framer X.app/Contents/Resources/Server/node_modules/express/lib/router/route.js:137:13)
[2020-03-09 17:39:05.3930] - ERROR -     at exports.isAuthenticated (/Applications/Framer X.app/Contents/Resources/Server/lib/middleware.js:79:9)
[2020-03-09 17:39:05.3930] - ERROR -     at Layer.handle [as handle_request] (/Applications/Framer X.app/Contents/Resources/Server/node_modules/express/lib/router/layer.js:95:5)
[2020-03-09 17:39:05.3930] - ERROR -     at next (/Applications/Framer X.app/Contents/Resources/Server/node_modules/express/lib/router/route.js:137:13)
[2020-03-09 17:39:05.3930] - ERROR -     at Route.dispatch (/Applications/Framer X.app/Contents/Resources/Server/node_modules/express/lib/router/route.js:112:3)
[2020-03-09 17:39:35.3930] - ERROR - Error: ENOENT: no such file or directory, scandir '/Users/andrea/Documents/BTS/07. Interface Development/Lecture9.framerfx/code'
[2020-03-09 17:39:35.3930] - ERROR -     at Object.readdirSync (fs.js:783:3)
[2020-03-09 17:39:35.3930] - ERROR -     at scandir (/Applications/Framer X.app/Contents/Resources/Server/lib/project.js:1265:32)
[2020-03-09 17:39:35.3930] - ERROR -     at Project.getCodeFilesAndFolders (/Applications/Framer X.app/Contents/Resources/Server/lib/project.js:1276:9)
[2020-03-09 17:39:35.3930] - ERROR -     at Server.app.get (/Applications/Framer X.app/Contents/Resources/Server/lib/server.js:136:37)
[2020-03-09 17:39:35.3940] - ERROR -     at Layer.handle [as handle_request] (/Applications/Framer X.app/Contents/Resources/Server/node_modules/express/lib/router/layer.js:95:5)
[2020-03-09 17:39:35.3940] - ERROR -     at next (/Applications/Framer X.app/Contents/Resources/Server/node_modules/express/lib/router/route.js:137:13)
[2020-03-09 17:39:35.3940] - ERROR -     at exports.isAuthenticated (/Applications/Framer X.app/Contents/Resources/Server/lib/middleware.js:79:9)
[2020-03-09 17:39:35.3940] - ERROR -     at Layer.handle [as handle_request] (/Applications/Framer X.app/Contents/Resources/Server/node_modules/express/lib/router/layer.js:95:5)
[2020-03-09 17:39:35.3940] - ERROR -     at next (/Applications/Framer X.app/Contents/Resources/Server/node_modules/express/lib/router/route.js:137:13)
[2020-03-09 17:39:35.3940] - ERROR -     at Route.dispatch (/Applications/Framer X.app/Contents/Resources/Server/node_modules/express/lib/router/route.js:112:3)
[2020-03-09 17:39:35.3990] - INFO - Backing up to /Users/andrea/Documents/BTS/07. Interface Development/Lecture9.framerfx/.backups/2020-03-09 17.39.35.zip
[2020-03-09 17:40:05.3870] - ERROR - Error: ENOENT: no such file or directory, scandir '/Users/andrea/Documents/BTS/07. Interface Development/Lecture9.framerfx/code'
[2020-03-09 17:40:05.3870] - ERROR -     at Object.readdirSync (fs.js:783:3)
[2020-03-09 17:40:05.3870] - ERROR -     at scandir (/Applications/Framer X.app/Contents/Resources/Server/lib/project.js:1265:32)
[2020-03-09 17:40:05.3870] - ERROR -     at Project.getCodeFilesAndFolders (/Applications/Framer X.app/Contents/Resources/Server/lib/project.js:1276:9)
[2020-03-09 17:40:05.3870] - ERROR -     at Server.app.get (/Applications/Framer X.app/Contents/Resources/Server/lib/server.js:136:37)
[2020-03-09 17:40:05.3870] - ERROR -     at Layer.handle [as handle_request] (/Applications/Framer X.app/Contents/Resources/Server/node_modules/express/lib/router/layer.js:95:5)
[2020-03-09 17:40:05.3870] - ERROR -     at next (/Applications/Framer X.app/Contents/Resources/Server/node_modules/express/lib/router/route.js:137:13)
[2020-03-09 17:40:05.3870] - ERROR -     at exports.isAuthenticated (/Applications/Framer X.app/Contents/Resources/Server/lib/middleware.js:79:9)
[2020-03-09 17:40:05.3880] - ERROR -     at Layer.handle [as handle_request] (/Applications/Framer X.app/Contents/Resources/Server/node_modules/express/lib/router/layer.js:95:5)
[2020-03-09 17:40:05.3880] - ERROR -     at next (/Applications/Framer X.app/Contents/Resources/Server/node_modules/express/lib/router/route.js:137:13)
[2020-03-09 17:40:05.3880] - ERROR -     at Route.dispatch (/Applications/Framer X.app/Contents/Resources/Server/node_modules/express/lib/router/route.js:112:3)
[2020-03-09 17:40:22.9110] - ERROR - yarn outdated: No lockfile in this directory. Run `yarn install` to generate one.
[2020-03-09 17:40:35.3870] - ERROR - Error: ENOENT: no such file or directory, scandir '/Users/andrea/Documents/BTS/07. Interface Development/Lecture9.framerfx/code'
[2020-03-09 17:40:35.3880] - ERROR -     at Object.readdirSync (fs.js:783:3)
[2020-03-09 17:40:35.3880] - ERROR -     at scandir (/Applications/Framer X.app/Contents/Resources/Server/lib/project.js:1265:32)
[2020-03-09 17:40:35.3880] - ERROR -     at Project.getCodeFilesAndFolders (/Applications/Framer X.app/Contents/Resources/Server/lib/project.js:1276:9)
[2020-03-09 17:40:35.3880] - ERROR -     at Server.app.get (/Applications/Framer X.app/Contents/Resources/Server/lib/server.js:136:37)
[2020-03-09 17:40:35.3880] - ERROR -     at Layer.handle [as handle_request] (/Applications/Framer X.app/Contents/Resources/Server/node_modules/express/lib/router/layer.js:95:5)
[2020-03-09 17:40:35.3880] - ERROR -     at next (/Applications/Framer X.app/Contents/Resources/Server/node_modules/express/lib/router/route.js:137:13)
[2020-03-09 17:40:35.3880] - ERROR -     at exports.isAuthenticated (/Applications/Framer X.app/Contents/Resources/Server/lib/middleware.js:79:9)
[2020-03-09 17:40:35.3880] - ERROR -     at Layer.handle [as handle_request] (/Applications/Framer X.app/Contents/Resources/Server/node_modules/express/lib/router/layer.js:95:5)
[2020-03-09 17:40:35.3880] - ERROR -     at next (/Applications/Framer X.app/Contents/Resources/Server/node_modules/express/lib/router/route.js:137:13)
[2020-03-09 17:40:35.3880] - ERROR -     at Route.dispatch (/Applications/Framer X.app/Contents/Resources/Server/node_modules/express/lib/router/route.js:112:3)
[2020-03-09 17:41:05.3910] - ERROR - Error: ENOENT: no such file or directory, scandir '/Users/andrea/Documents/BTS/07. Interface Development/Lecture9.framerfx/code'
[2020-03-09 17:41:05.3910] - ERROR -     at Object.readdirSync (fs.js:783:3)
[2020-03-09 17:41:05.3910] - ERROR -     at scandir (/Applications/Framer X.app/Contents/Resources/Server/lib/project.js:1265:32)
[2020-03-09 17:41:05.3910] - ERROR -     at Project.getCodeFilesAndFolders (/Applications/Framer X.app/Contents/Resources/Server/lib/project.js:1276:9)
[2020-03-09 17:41:05.3910] - ERROR -     at Server.app.get (/Applications/Framer X.app/Contents/Resources/Server/lib/server.js:136:37)
[2020-03-09 17:41:05.3910] - ERROR -     at Layer.handle [as handle_request] (/Applications/Framer X.app/Contents/Resources/Server/node_modules/express/lib/router/layer.js:95:5)
[2020-03-09 17:41:05.3910] - ERROR -     at next (/Applications/Framer X.app/Contents/Resources/Server/node_modules/express/lib/router/route.js:137:13)
[2020-03-09 17:41:05.3910] - ERROR -     at exports.isAuthenticated (/Applications/Framer X.app/Contents/Resources/Server/lib/middleware.js:79:9)
[2020-03-09 17:41:05.3910] - ERROR -     at Layer.handle [as handle_request] (/Applications/Framer X.app/Contents/Resources/Server/node_modules/express/lib/router/layer.js:95:5)
[2020-03-09 17:41:05.3910] - ERROR -     at next (/Applications/Framer X.app/Contents/Resources/Server/node_modules/express/lib/router/route.js:137:13)
[2020-03-09 17:41:05.3910] - ERROR -     at Route.dispatch (/Applications/Framer X.app/Contents/Resources/Server/node_modules/express/lib/router/route.js:112:3)
[2020-03-09 17:41:35.3890] - ERROR - Error: ENOENT: no such file or directory, scandir '/Users/andrea/Documents/BTS/07. Interface Development/Lecture9.framerfx/code'
[2020-03-09 17:41:35.3890] - ERROR -     at Object.readdirSync (fs.js:783:3)
[2020-03-09 17:41:35.3890] - ERROR -     at scandir (/Applications/Framer X.app/Contents/Resources/Server/lib/project.js:1265:32)
[2020-03-09 17:41:35.3890] - ERROR -     at Project.getCodeFilesAndFolders (/Applications/Framer X.app/Contents/Resources/Server/lib/project.js:1276:9)
[2020-03-09 17:41:35.3890] - ERROR -     at Server.app.get (/Applications/Framer X.app/Contents/Resources/Server/lib/server.js:136:37)
[2020-03-09 17:41:35.3900] - ERROR -     at Layer.handle [as handle_request] (/Applications/Framer X.app/Contents/Resources/Server/node_modules/express/lib/router/layer.js:95:5)
[2020-03-09 17:41:35.3900] - ERROR -     at next (/Applications/Framer X.app/Contents/Resources/Server/node_modules/express/lib/router/route.js:137:13)
[2020-03-09 17:41:35.3900] - ERROR -     at exports.isAuthenticated (/Applications/Framer X.app/Contents/Resources/Server/lib/middleware.js:79:9)
[2020-03-09 17:41:35.3900] - ERROR -     at Layer.handle [as handle_request] (/Applications/Framer X.app/Contents/Resources/Server/node_modules/express/lib/router/layer.js:95:5)
[2020-03-09 17:41:35.3900] - ERROR -     at next (/Applications/Framer X.app/Contents/Resources/Server/node_modules/express/lib/router/route.js:137:13)
[2020-03-09 17:41:35.3900] - ERROR -     at Route.dispatch (/Applications/Framer X.app/Contents/Resources/Server/node_modules/express/lib/router/route.js:112:3)
[2020-03-09 17:42:05.3910] - ERROR - Error: ENOENT: no such file or directory, scandir '/Users/andrea/Documents/BTS/07. Interface Development/Lecture9.framerfx/code'
[2020-03-09 17:42:05.3910] - ERROR -     at Object.readdirSync (fs.js:783:3)
[2020-03-09 17:42:05.3910] - ERROR -     at scandir (/Applications/Framer X.app/Contents/Resources/Server/lib/project.js:1265:32)
[2020-03-09 17:42:05.3910] - ERROR -     at Project.getCodeFilesAndFolders (/Applications/Framer X.app/Contents/Resources/Server/lib/project.js:1276:9)
[2020-03-09 17:42:05.3910] - ERROR -     at Server.app.get (/Applications/Framer X.app/Contents/Resources/Server/lib/server.js:136:37)
[2020-03-09 17:42:05.3910] - ERROR -     at Layer.handle [as handle_request] (/Applications/Framer X.app/Contents/Resources/Server/node_modules/express/lib/router/layer.js:95:5)
[2020-03-09 17:42:05.3910] - ERROR -     at next (/Applications/Framer X.app/Contents/Resources/Server/node_modules/express/lib/router/route.js:137:13)
[2020-03-09 17:42:05.3910] - ERROR -     at exports.isAuthenticated (/Applications/Framer X.app/Contents/Resources/Server/lib/middleware.js:79:9)
[2020-03-09 17:42:05.3910] - ERROR -     at Layer.handle [as handle_request] (/Applications/Framer X.app/Contents/Resources/Server/node_modules/express/lib/router/layer.js:95:5)
[2020-03-09 17:42:05.3910] - ERROR -     at next (/Applications/Framer X.app/Contents/Resources/Server/node_modules/express/lib/router/route.js:137:13)
[2020-03-09 17:42:05.3910] - ERROR -     at Route.dispatch (/Applications/Framer X.app/Contents/Resources/Server/node_modules/express/lib/router/route.js:112:3)
[2020-03-09 17:42:22.8900] - ERROR - yarn outdated: No lockfile in this directory. Run `yarn install` to generate one.
[2020-03-09 17:42:35.3970] - ERROR - Error: ENOENT: no such file or directory, scandir '/Users/andrea/Documents/BTS/07. Interface Development/Lecture9.framerfx/code'
[2020-03-09 17:42:35.3970] - ERROR -     at Object.readdirSync (fs.js:783:3)
[2020-03-09 17:42:35.3980] - ERROR -     at scandir (/Applications/Framer X.app/Contents/Resources/Server/lib/project.js:1265:32)
[2020-03-09 17:42:35.3980] - ERROR -     at Project.getCodeFilesAndFolders (/Applications/Framer X.app/Contents/Resources/Server/lib/project.js:1276:9)
[2020-03-09 17:42:35.3980] - ERROR -     at Server.app.get (/Applications/Framer X.app/Contents/Resources/Server/lib/server.js:136:37)
[2020-03-09 17:42:35.3980] - ERROR -     at Layer.handle [as handle_request] (/Applications/Framer X.app/Contents/Resources/Server/node_modules/express/lib/router/layer.js:95:5)
[2020-03-09 17:42:35.3980] - ERROR -     at next (/Applications/Framer X.app/Contents/Resources/Server/node_modules/express/lib/router/route.js:137:13)
[2020-03-09 17:42:35.3980] - ERROR -     at exports.isAuthenticated (/Applications/Framer X.app/Contents/Resources/Server/lib/middleware.js:79:9)
[2020-03-09 17:42:35.3980] - ERROR -     at Layer.handle [as handle_request] (/Applications/Framer X.app/Contents/Resources/Server/node_modules/express/lib/router/layer.js:95:5)
[2020-03-09 17:42:35.3980] - ERROR -     at next (/Applications/Framer X.app/Contents/Resources/Server/node_modules/express/lib/router/route.js:137:13)
[2020-03-09 17:42:35.3990] - ERROR -     at Route.dispatch (/Applications/Framer X.app/Contents/Resources/Server/node_modules/express/lib/router/route.js:112:3)
[2020-03-09 17:43:05.3960] - ERROR - Error: ENOENT: no such file or directory, scandir '/Users/andrea/Documents/BTS/07. Interface Development/Lecture9.framerfx/code'
[2020-03-09 17:43:05.3970] - ERROR -     at Object.readdirSync (fs.js:783:3)
[2020-03-09 17:43:05.3970] - ERROR -     at scandir (/Applications/Framer X.app/Contents/Resources/Server/lib/project.js:1265:32)
[2020-03-09 17:43:05.3970] - ERROR -     at Project.getCodeFilesAndFolders (/Applications/Framer X.app/Contents/Resources/Server/lib/project.js:1276:9)
[2020-03-09 17:43:05.3970] - ERROR -     at Server.app.get (/Applications/Framer X.app/Contents/Resources/Server/lib/server.js:136:37)
[2020-03-09 17:43:05.3970] - ERROR -     at Layer.handle [as handle_request] (/Applications/Framer X.app/Contents/Resources/Server/node_modules/express/lib/router/layer.js:95:5)
[2020-03-09 17:43:05.3970] - ERROR -     at next (/Applications/Framer X.app/Contents/Resources/Server/node_modules/express/lib/router/route.js:137:13)
[2020-03-09 17:43:05.3970] - ERROR -     at exports.isAuthenticated (/Applications/Framer X.app/Contents/Resources/Server/lib/middleware.js:79:9)
[2020-03-09 17:43:05.3980] - ERROR -     at Layer.handle [as handle_request] (/Applications/Framer X.app/Contents/Resources/Server/node_modules/express/lib/router/layer.js:95:5)
[2020-03-09 17:43:05.3980] - ERROR -     at next (/Applications/Framer X.app/Contents/Resources/Server/node_modules/express/lib/router/route.js:137:13)
[2020-03-09 17:43:05.3980] - ERROR -     at Route.dispatch (/Applications/Framer X.app/Contents/Resources/Server/node_modules/express/lib/router/route.js:112:3)
[2020-03-09 17:43:35.3950] - ERROR - Error: ENOENT: no such file or directory, scandir '/Users/andrea/Documents/BTS/07. Interface Development/Lecture9.framerfx/code'
[2020-03-09 17:43:35.3950] - ERROR -     at Object.readdirSync (fs.js:783:3)
[2020-03-09 17:43:35.3950] - ERROR -     at scandir (/Applications/Framer X.app/Contents/Resources/Server/lib/project.js:1265:32)
[2020-03-09 17:43:35.3950] - ERROR -     at Project.getCodeFilesAndFolders (/Applications/Framer X.app/Contents/Resources/Server/lib/project.js:1276:9)
[2020-03-09 17:43:35.3950] - ERROR -     at Server.app.get (/Applications/Framer X.app/Contents/Resources/Server/lib/server.js:136:37)
[2020-03-09 17:43:35.3950] - ERROR -     at Layer.handle [as handle_request] (/Applications/Framer X.app/Contents/Resources/Server/node_modules/express/lib/router/layer.js:95:5)
[2020-03-09 17:43:35.3950] - ERROR -     at next (/Applications/Framer X.app/Contents/Resources/Server/node_modules/express/lib/router/route.js:137:13)
[2020-03-09 17:43:35.3950] - ERROR -     at exports.isAuthenticated (/Applications/Framer X.app/Contents/Resources/Server/lib/middleware.js:79:9)
[2020-03-09 17:43:35.3950] - ERROR -     at Layer.handle [as handle_request] (/Applications/Framer X.app/Contents/Resources/Server/node_modules/express/lib/router/layer.js:95:5)
[2020-03-09 17:43:35.3950] - ERROR -     at next (/Applications/Framer X.app/Contents/Resources/Server/node_modules/express/lib/router/route.js:137:13)
[2020-03-09 17:43:35.3950] - ERROR -     at Route.dispatch (/Applications/Framer X.app/Contents/Resources/Server/node_modules/express/lib/router/route.js:112:3)
[2020-03-09 17:44:05.3960] - ERROR - Error: ENOENT: no such file or directory, scandir '/Users/andrea/Documents/BTS/07. Interface Development/Lecture9.framerfx/code'
[2020-03-09 17:44:05.3960] - ERROR -     at Object.readdirSync (fs.js:783:3)
[2020-03-09 17:44:05.3960] - ERROR -     at scandir (/Applications/Framer X.app/Contents/Resources/Server/lib/project.js:1265:32)
[2020-03-09 17:44:05.3960] - ERROR -     at Project.getCodeFilesAndFolders (/Applications/Framer X.app/Contents/Resources/Server/lib/project.js:1276:9)
[2020-03-09 17:44:05.3960] - ERROR -     at Server.app.get (/Applications/Framer X.app/Contents/Resources/Server/lib/server.js:136:37)
[2020-03-09 17:44:05.3960] - ERROR -     at Layer.handle [as handle_request] (/Applications/Framer X.app/Contents/Resources/Server/node_modules/express/lib/router/layer.js:95:5)
[2020-03-09 17:44:05.3960] - ERROR -     at next (/Applications/Framer X.app/Contents/Resources/Server/node_modules/express/lib/router/route.js:137:13)
[2020-03-09 17:44:05.3960] - ERROR -     at exports.isAuthenticated (/Applications/Framer X.app/Contents/Resources/Server/lib/middleware.js:79:9)
[2020-03-09 17:44:05.3960] - ERROR -     at Layer.handle [as handle_request] (/Applications/Framer X.app/Contents/Resources/Server/node_modules/express/lib/router/layer.js:95:5)
[2020-03-09 17:44:05.3960] - ERROR -     at next (/Applications/Framer X.app/Contents/Resources/Server/node_modules/express/lib/router/route.js:137:13)
[2020-03-09 17:44:05.3960] - ERROR -     at Route.dispatch (/Applications/Framer X.app/Contents/Resources/Server/node_modules/express/lib/router/route.js:112:3)
[2020-03-09 17:44:22.8860] - ERROR - yarn outdated: No lockfile in this directory. Run `yarn install` to generate one.
[2020-03-09 17:44:35.3940] - ERROR - Error: ENOENT: no such file or directory, scandir '/Users/andrea/Documents/BTS/07. Interface Development/Lecture9.framerfx/code'
[2020-03-09 17:44:35.3940] - ERROR -     at Object.readdirSync (fs.js:783:3)
[2020-03-09 17:44:35.3940] - ERROR -     at scandir (/Applications/Framer X.app/Contents/Resources/Server/lib/project.js:1265:32)
[2020-03-09 17:44:35.3940] - ERROR -     at Project.getCodeFilesAndFolders (/Applications/Framer X.app/Contents/Resources/Server/lib/project.js:1276:9)
[2020-03-09 17:44:35.3940] - ERROR -     at Server.app.get (/Applications/Framer X.app/Contents/Resources/Server/lib/server.js:136:37)
[2020-03-09 17:44:35.3940] - ERROR -     at Layer.handle [as handle_request] (/Applications/Framer X.app/Contents/Resources/Server/node_modules/express/lib/router/layer.js:95:5)
[2020-03-09 17:44:35.3940] - ERROR -     at next (/Applications/Framer X.app/Contents/Resources/Server/node_modules/express/lib/router/route.js:137:13)
[2020-03-09 17:44:35.3940] - ERROR -     at exports.isAuthenticated (/Applications/Framer X.app/Contents/Resources/Server/lib/middleware.js:79:9)
[2020-03-09 17:44:35.3940] - ERROR -     at Layer.handle [as handle_request] (/Applications/Framer X.app/Contents/Resources/Server/node_modules/express/lib/router/layer.js:95:5)
[2020-03-09 17:44:35.3950] - ERROR -     at next (/Applications/Framer X.app/Contents/Resources/Server/node_modules/express/lib/router/route.js:137:13)
[2020-03-09 17:44:35.3950] - ERROR -     at Route.dispatch (/Applications/Framer X.app/Contents/Resources/Server/node_modules/express/lib/router/route.js:112:3)
[2020-03-09 17:45:05.3970] - ERROR - Error: ENOENT: no such file or directory, scandir '/Users/andrea/Documents/BTS/07. Interface Development/Lecture9.framerfx/code'
[2020-03-09 17:45:05.3980] - ERROR -     at Object.readdirSync (fs.js:783:3)
[2020-03-09 17:45:05.3980] - ERROR -     at scandir (/Applications/Framer X.app/Contents/Resources/Server/lib/project.js:1265:32)
[2020-03-09 17:45:05.3980] - ERROR -     at Project.getCodeFilesAndFolders (/Applications/Framer X.app/Contents/Resources/Server/lib/project.js:1276:9)
[2020-03-09 17:45:05.3980] - ERROR -     at Server.app.get (/Applications/Framer X.app/Contents/Resources/Server/lib/server.js:136:37)
[2020-03-09 17:45:05.3980] - ERROR -     at Layer.handle [as handle_request] (/Applications/Framer X.app/Contents/Resources/Server/node_modules/express/lib/router/layer.js:95:5)
[2020-03-09 17:45:05.3980] - ERROR -     at next (/Applications/Framer X.app/Contents/Resources/Server/node_modules/express/lib/router/route.js:137:13)
[2020-03-09 17:45:05.3980] - ERROR -     at exports.isAuthenticated (/Applications/Framer X.app/Contents/Resources/Server/lib/middleware.js:79:9)
[2020-03-09 17:45:05.3980] - ERROR -     at Layer.handle [as handle_request] (/Applications/Framer X.app/Contents/Resources/Server/node_modules/express/lib/router/layer.js:95:5)
[2020-03-09 17:45:05.3980] - ERROR -     at next (/Applications/Framer X.app/Contents/Resources/Server/node_modules/express/lib/router/route.js:137:13)
[2020-03-09 17:45:05.3980] - ERROR -     at Route.dispatch (/Applications/Framer X.app/Contents/Resources/Server/node_modules/express/lib/router/route.js:112:3)
[2020-03-09 17:45:35.3970] - ERROR - Error: ENOENT: no such file or directory, scandir '/Users/andrea/Documents/BTS/07. Interface Development/Lecture9.framerfx/code'
[2020-03-09 17:45:35.3970] - ERROR -     at Object.readdirSync (fs.js:783:3)
[2020-03-09 17:45:35.3970] - ERROR -     at scandir (/Applications/Framer X.app/Contents/Resources/Server/lib/project.js:1265:32)
[2020-03-09 17:45:35.3970] - ERROR -     at Project.getCodeFilesAndFolders (/Applications/Framer X.app/Contents/Resources/Server/lib/project.js:1276:9)
[2020-03-09 17:45:35.3970] - ERROR -     at Server.app.get (/Applications/Framer X.app/Contents/Resources/Server/lib/server.js:136:37)
[2020-03-09 17:45:35.3970] - ERROR -     at Layer.handle [as handle_request] (/Applications/Framer X.app/Contents/Resources/Server/node_modules/express/lib/router/layer.js:95:5)
[2020-03-09 17:45:35.3980] - ERROR -     at next (/Applications/Framer X.app/Contents/Resources/Server/node_modules/express/lib/router/route.js:137:13)
[2020-03-09 17:45:35.3980] - ERROR -     at exports.isAuthenticated (/Applications/Framer X.app/Contents/Resources/Server/lib/middleware.js:79:9)
[2020-03-09 17:45:35.3980] - ERROR -     at Layer.handle [as handle_request] (/Applications/Framer X.app/Contents/Resources/Server/node_modules/express/lib/router/layer.js:95:5)
[2020-03-09 17:45:35.3980] - ERROR -     at next (/Applications/Framer X.app/Contents/Resources/Server/node_modules/express/lib/router/route.js:137:13)
[2020-03-09 17:45:35.3980] - ERROR -     at Route.dispatch (/Applications/Framer X.app/Contents/Resources/Server/node_modules/express/lib/router/route.js:112:3)
[2020-03-09 17:46:05.3980] - ERROR - Error: ENOENT: no such file or directory, scandir '/Users/andrea/Documents/BTS/07. Interface Development/Lecture9.framerfx/code'
[2020-03-09 17:46:05.3990] - ERROR -     at Object.readdirSync (fs.js:783:3)
[2020-03-09 17:46:05.3990] - ERROR -     at scandir (/Applications/Framer X.app/Contents/Resources/Server/lib/project.js:1265:32)
[2020-03-09 17:46:05.3990] - ERROR -     at Project.getCodeFilesAndFolders (/Applications/Framer X.app/Contents/Resources/Server/lib/project.js:1276:9)
[2020-03-09 17:46:05.3990] - ERROR -     at Server.app.get (/Applications/Framer X.app/Contents/Resources/Server/lib/server.js:136:37)
[2020-03-09 17:46:05.3990] - ERROR -     at Layer.handle [as handle_request] (/Applications/Framer X.app/Contents/Resources/Server/node_modules/express/lib/router/layer.js:95:5)
[2020-03-09 17:46:05.3990] - ERROR -     at next (/Applications/Framer X.app/Contents/Resources/Server/node_modules/express/lib/router/route.js:137:13)
[2020-03-09 17:46:05.3990] - ERROR -     at exports.isAuthenticated (/Applications/Framer X.app/Contents/Resources/Server/lib/middleware.js:79:9)
[2020-03-09 17:46:05.3990] - ERROR -     at Layer.handle [as handle_request] (/Applications/Framer X.app/Contents/Resources/Server/node_modules/express/lib/router/layer.js:95:5)
[2020-03-09 17:46:05.3990] - ERROR -     at next (/Applications/Framer X.app/Contents/Resources/Server/node_modules/express/lib/router/route.js:137:13)
[2020-03-09 17:46:05.3990] - ERROR -     at Route.dispatch (/Applications/Framer X.app/Contents/Resources/Server/node_modules/express/lib/router/route.js:112:3)
[2020-03-09 17:46:22.8840] - ERROR - yarn outdated: No lockfile in this directory. Run `yarn install` to generate one.
[2020-03-09 17:46:35.4030] - ERROR - Error: ENOENT: no such file or directory, scandir '/Users/andrea/Documents/BTS/07. Interface Development/Lecture9.framerfx/code'
[2020-03-09 17:46:35.4030] - ERROR -     at Object.readdirSync (fs.js:783:3)
[2020-03-09 17:46:35.4030] - ERROR -     at scandir (/Applications/Framer X.app/Contents/Resources/Server/lib/project.js:1265:32)
[2020-03-09 17:46:35.4040] - ERROR -     at Project.getCodeFilesAndFolders (/Applications/Framer X.app/Contents/Resources/Server/lib/project.js:1276:9)
[2020-03-09 17:46:35.4040] - ERROR -     at Server.app.get (/Applications/Framer X.app/Contents/Resources/Server/lib/server.js:136:37)
[2020-03-09 17:46:35.4040] - ERROR -     at Layer.handle [as handle_request] (/Applications/Framer X.app/Contents/Resources/Server/node_modules/express/lib/router/layer.js:95:5)
[2020-03-09 17:46:35.4040] - ERROR -     at next (/Applications/Framer X.app/Contents/Resources/Server/node_modules/express/lib/router/route.js:137:13)
[2020-03-09 17:46:35.4040] - ERROR -     at exports.isAuthenticated (/Applications/Framer X.app/Contents/Resources/Server/lib/middleware.js:79:9)
[2020-03-09 17:46:35.4040] - ERROR -     at Layer.handle [as handle_request] (/Applications/Framer X.app/Contents/Resources/Server/node_modules/express/lib/router/layer.js:95:5)
[2020-03-09 17:46:35.4040] - ERROR -     at next (/Applications/Framer X.app/Contents/Resources/Server/node_modules/express/lib/router/route.js:137:13)
[2020-03-09 17:46:35.4040] - ERROR -     at Route.dispatch (/Applications/Framer X.app/Contents/Resources/Server/node_modules/express/lib/router/route.js:112:3)
[2020-03-09 17:47:05.4040] - ERROR - Error: ENOENT: no such file or directory, scandir '/Users/andrea/Documents/BTS/07. Interface Development/Lecture9.framerfx/code'
[2020-03-09 17:47:05.4040] - ERROR -     at Object.readdirSync (fs.js:783:3)
[2020-03-09 17:47:05.4040] - ERROR -     at scandir (/Applications/Framer X.app/Contents/Resources/Server/lib/project.js:1265:32)
[2020-03-09 17:47:05.4040] - ERROR -     at Project.getCodeFilesAndFolders (/Applications/Framer X.app/Contents/Resources/Server/lib/project.js:1276:9)
[2020-03-09 17:47:05.4040] - ERROR -     at Server.app.get (/Applications/Framer X.app/Contents/Resources/Server/lib/server.js:136:37)
[2020-03-09 17:47:05.4040] - ERROR -     at Layer.handle [as handle_request] (/Applications/Framer X.app/Contents/Resources/Server/node_modules/express/lib/router/layer.js:95:5)
[2020-03-09 17:47:05.4050] - ERROR -     at next (/Applications/Framer X.app/Contents/Resources/Server/node_modules/express/lib/router/route.js:137:13)
[2020-03-09 17:47:05.4050] - ERROR -     at exports.isAuthenticated (/Applications/Framer X.app/Contents/Resources/Server/lib/middleware.js:79:9)
[2020-03-09 17:47:05.4050] - ERROR -     at Layer.handle [as handle_request] (/Applications/Framer X.app/Contents/Resources/Server/node_modules/express/lib/router/layer.js:95:5)
[2020-03-09 17:47:05.4050] - ERROR -     at next (/Applications/Framer X.app/Contents/Resources/Server/node_modules/express/lib/router/route.js:137:13)
[2020-03-09 17:47:05.4050] - ERROR -     at Route.dispatch (/Applications/Framer X.app/Contents/Resources/Server/node_modules/express/lib/router/route.js:112:3)
[2020-03-09 17:47:35.4030] - ERROR - Error: ENOENT: no such file or directory, scandir '/Users/andrea/Documents/BTS/07. Interface Development/Lecture9.framerfx/code'
[2020-03-09 17:47:35.4030] - ERROR -     at Object.readdirSync (fs.js:783:3)
[2020-03-09 17:47:35.4030] - ERROR -     at scandir (/Applications/Framer X.app/Contents/Resources/Server/lib/project.js:1265:32)
[2020-03-09 17:47:35.4040] - ERROR -     at Project.getCodeFilesAndFolders (/Applications/Framer X.app/Contents/Resources/Server/lib/project.js:1276:9)
[2020-03-09 17:47:35.4040] - ERROR -     at Server.app.get (/Applications/Framer X.app/Contents/Resources/Server/lib/server.js:136:37)
[2020-03-09 17:47:35.4040] - ERROR -     at Layer.handle [as handle_request] (/Applications/Framer X.app/Contents/Resources/Server/node_modules/express/lib/router/layer.js:95:5)
[2020-03-09 17:47:35.4040] - ERROR -     at next (/Applications/Framer X.app/Contents/Resources/Server/node_modules/express/lib/router/route.js:137:13)
[2020-03-09 17:47:35.4040] - ERROR -     at exports.isAuthenticated (/Applications/Framer X.app/Contents/Resources/Server/lib/middleware.js:79:9)
[2020-03-09 17:47:35.4040] - ERROR -     at Layer.handle [as handle_request] (/Applications/Framer X.app/Contents/Resources/Server/node_modules/express/lib/router/layer.js:95:5)
[2020-03-09 17:47:35.4040] - ERROR -     at next (/Applications/Framer X.app/Contents/Resources/Server/node_modules/express/lib/router/route.js:137:13)
[2020-03-09 17:47:35.4040] - ERROR -     at Route.dispatch (/Applications/Framer X.app/Contents/Resources/Server/node_modules/express/lib/router/route.js:112:3)
[2020-03-09 17:48:05.4010] - ERROR - Error: ENOENT: no such file or directory, scandir '/Users/andrea/Documents/BTS/07. Interface Development/Lecture9.framerfx/code'
[2020-03-09 17:48:05.4010] - ERROR -     at Object.readdirSync (fs.js:783:3)
[2020-03-09 17:48:05.4010] - ERROR -     at scandir (/Applications/Framer X.app/Contents/Resources/Server/lib/project.js:1265:32)
[2020-03-09 17:48:05.4010] - ERROR -     at Project.getCodeFilesAndFolders (/Applications/Framer X.app/Contents/Resources/Server/lib/project.js:1276:9)
[2020-03-09 17:48:05.4010] - ERROR -     at Server.app.get (/Applications/Framer X.app/Contents/Resources/Server/lib/server.js:136:37)
[2020-03-09 17:48:05.4010] - ERROR -     at Layer.handle [as handle_request] (/Applications/Framer X.app/Contents/Resources/Server/node_modules/express/lib/router/layer.js:95:5)
[2020-03-09 17:48:05.4010] - ERROR -     at next (/Applications/Framer X.app/Contents/Resources/Server/node_modules/express/lib/router/route.js:137:13)
[2020-03-09 17:48:05.4020] - ERROR -     at exports.isAuthenticated (/Applications/Framer X.app/Contents/Resources/Server/lib/middleware.js:79:9)
[2020-03-09 17:48:05.4030] - ERROR -     at Layer.handle [as handle_request] (/Applications/Framer X.app/Contents/Resources/Server/node_modules/express/lib/router/layer.js:95:5)
[2020-03-09 17:48:05.4030] - ERROR -     at next (/Applications/Framer X.app/Contents/Resources/Server/node_modules/express/lib/router/route.js:137:13)
[2020-03-09 17:48:05.4030] - ERROR -     at Route.dispatch (/Applications/Framer X.app/Contents/Resources/Server/node_modules/express/lib/router/route.js:112:3)
[2020-03-09 17:48:22.8940] - ERROR - yarn outdated: No lockfile in this directory. Run `yarn install` to generate one.
[2020-03-09 17:48:35.4050] - ERROR - Error: ENOENT: no such file or directory, scandir '/Users/andrea/Documents/BTS/07. Interface Development/Lecture9.framerfx/code'
[2020-03-09 17:48:35.4050] - ERROR -     at Object.readdirSync (fs.js:783:3)
[2020-03-09 17:48:35.4050] - ERROR -     at scandir (/Applications/Framer X.app/Contents/Resources/Server/lib/project.js:1265:32)
[2020-03-09 17:48:35.4050] - ERROR -     at Project.getCodeFilesAndFolders (/Applications/Framer X.app/Contents/Resources/Server/lib/project.js:1276:9)
[2020-03-09 17:48:35.4060] - ERROR -     at Server.app.get (/Applications/Framer X.app/Contents/Resources/Server/lib/server.js:136:37)
[2020-03-09 17:48:35.4060] - ERROR -     at Layer.handle [as handle_request] (/Applications/Framer X.app/Contents/Resources/Server/node_modules/express/lib/router/layer.js:95:5)
[2020-03-09 17:48:35.4060] - ERROR -     at next (/Applications/Framer X.app/Contents/Resources/Server/node_modules/express/lib/router/route.js:137:13)
[2020-03-09 17:48:35.4060] - ERROR -     at exports.isAuthenticated (/Applications/Framer X.app/Contents/Resources/Server/lib/middleware.js:79:9)
[2020-03-09 17:48:35.4060] - ERROR -     at Layer.handle [as handle_request] (/Applications/Framer X.app/Contents/Resources/Server/node_modules/express/lib/router/layer.js:95:5)
[2020-03-09 17:48:35.4060] - ERROR -     at next (/Applications/Framer X.app/Contents/Resources/Server/node_modules/express/lib/router/route.js:137:13)
[2020-03-09 17:48:35.4060] - ERROR -     at Route.dispatch (/Applications/Framer X.app/Contents/Resources/Server/node_modules/express/lib/router/route.js:112:3)
[2020-03-09 17:49:05.4060] - ERROR - Error: ENOENT: no such file or directory, scandir '/Users/andrea/Documents/BTS/07. Interface Development/Lecture9.framerfx/code'
[2020-03-09 17:49:05.4060] - ERROR -     at Object.readdirSync (fs.js:783:3)
[2020-03-09 17:49:05.4070] - ERROR -     at scandir (/Applications/Framer X.app/Contents/Resources/Server/lib/project.js:1265:32)
[2020-03-09 17:49:05.4070] - ERROR -     at Project.getCodeFilesAndFolders (/Applications/Framer X.app/Contents/Resources/Server/lib/project.js:1276:9)
[2020-03-09 17:49:05.4070] - ERROR -     at Server.app.get (/Applications/Framer X.app/Contents/Resources/Server/lib/server.js:136:37)
[2020-03-09 17:49:05.4070] - ERROR -     at Layer.handle [as handle_request] (/Applications/Framer X.app/Contents/Resources/Server/node_modules/express/lib/router/layer.js:95:5)
[2020-03-09 17:49:05.4070] - ERROR -     at next (/Applications/Framer X.app/Contents/Resources/Server/node_modules/express/lib/router/route.js:137:13)
[2020-03-09 17:49:05.4070] - ERROR -     at exports.isAuthenticated (/Applications/Framer X.app/Contents/Resources/Server/lib/middleware.js:79:9)
[2020-03-09 17:49:05.4070] - ERROR -     at Layer.handle [as handle_request] (/Applications/Framer X.app/Contents/Resources/Server/node_modules/express/lib/router/layer.js:95:5)
[2020-03-09 17:49:05.4070] - ERROR -     at next (/Applications/Framer X.app/Contents/Resources/Server/node_modules/express/lib/router/route.js:137:13)
[2020-03-09 17:49:05.4080] - ERROR -     at Route.dispatch (/Applications/Framer X.app/Contents/Resources/Server/node_modules/express/lib/router/route.js:112:3)
[2020-03-09 17:49:35.4070] - ERROR - Error: ENOENT: no such file or directory, scandir '/Users/andrea/Documents/BTS/07. Interface Development/Lecture9.framerfx/code'
[2020-03-09 17:49:35.4070] - ERROR -     at Object.readdirSync (fs.js:783:3)
[2020-03-09 17:49:35.4070] - ERROR -     at scandir (/Applications/Framer X.app/Contents/Resources/Server/lib/project.js:1265:32)
[2020-03-09 17:49:35.4070] - ERROR -     at Project.getCodeFilesAndFolders (/Applications/Framer X.app/Contents/Resources/Server/lib/project.js:1276:9)
[2020-03-09 17:49:35.4070] - ERROR -     at Server.app.get (/Applications/Framer X.app/Contents/Resources/Server/lib/server.js:136:37)
[2020-03-09 17:49:35.4070] - ERROR -     at Layer.handle [as handle_request] (/Applications/Framer X.app/Contents/Resources/Server/node_modules/express/lib/router/layer.js:95:5)
[2020-03-09 17:49:35.4080] - ERROR -     at next (/Applications/Framer X.app/Contents/Resources/Server/node_modules/express/lib/router/route.js:137:13)
[2020-03-09 17:49:35.4080] - ERROR -     at exports.isAuthenticated (/Applications/Framer X.app/Contents/Resources/Server/lib/middleware.js:79:9)
[2020-03-09 17:49:35.4080] - ERROR -     at Layer.handle [as handle_request] (/Applications/Framer X.app/Contents/Resources/Server/node_modules/express/lib/router/layer.js:95:5)
[2020-03-09 17:49:35.4080] - ERROR -     at next (/Applications/Framer X.app/Contents/Resources/Server/node_modules/express/lib/router/route.js:137:13)
[2020-03-09 17:49:35.4080] - ERROR -     at Route.dispatch (/Applications/Framer X.app/Contents/Resources/Server/node_modules/express/lib/router/route.js:112:3)
[2020-03-09 17:50:05.4090] - ERROR - Error: ENOENT: no such file or directory, scandir '/Users/andrea/Documents/BTS/07. Interface Development/Lecture9.framerfx/code'
[2020-03-09 17:50:05.4090] - ERROR -     at Object.readdirSync (fs.js:783:3)
[2020-03-09 17:50:05.4090] - ERROR -     at scandir (/Applications/Framer X.app/Contents/Resources/Server/lib/project.js:1265:32)
[2020-03-09 17:50:05.4090] - ERROR -     at Project.getCodeFilesAndFolders (/Applications/Framer X.app/Contents/Resources/Server/lib/project.js:1276:9)
[2020-03-09 17:50:05.4100] - ERROR -     at Server.app.get (/Applications/Framer X.app/Contents/Resources/Server/lib/server.js:136:37)
[2020-03-09 17:50:05.4100] - ERROR -     at Layer.handle [as handle_request] (/Applications/Framer X.app/Contents/Resources/Server/node_modules/express/lib/router/layer.js:95:5)
[2020-03-09 17:50:05.4100] - ERROR -     at next (/Applications/Framer X.app/Contents/Resources/Server/node_modules/express/lib/router/route.js:137:13)
[2020-03-09 17:50:05.4100] - ERROR -     at exports.isAuthenticated (/Applications/Framer X.app/Contents/Resources/Server/lib/middleware.js:79:9)
[2020-03-09 17:50:05.4100] - ERROR -     at Layer.handle [as handle_request] (/Applications/Framer X.app/Contents/Resources/Server/node_modules/express/lib/router/layer.js:95:5)
[2020-03-09 17:50:05.4100] - ERROR -     at next (/Applications/Framer X.app/Contents/Resources/Server/node_modules/express/lib/router/route.js:137:13)
[2020-03-09 17:50:05.4100] - ERROR -     at Route.dispatch (/Applications/Framer X.app/Contents/Resources/Server/node_modules/express/lib/router/route.js:112:3)
[2020-03-09 17:50:22.9060] - ERROR - yarn outdated: No lockfile in this directory. Run `yarn install` to generate one.
[2020-03-09 17:50:35.4100] - ERROR - Error: ENOENT: no such file or directory, scandir '/Users/andrea/Documents/BTS/07. Interface Development/Lecture9.framerfx/code'
[2020-03-09 17:50:35.4100] - ERROR -     at Object.readdirSync (fs.js:783:3)
[2020-03-09 17:50:35.4110] - ERROR -     at scandir (/Applications/Framer X.app/Contents/Resources/Server/lib/project.js:1265:32)
[2020-03-09 17:50:35.4110] - ERROR -     at Project.getCodeFilesAndFolders (/Applications/Framer X.app/Contents/Resources/Server/lib/project.js:1276:9)
[2020-03-09 17:50:35.4110] - ERROR -     at Server.app.get (/Applications/Framer X.app/Contents/Resources/Server/lib/server.js:136:37)
[2020-03-09 17:50:35.4110] - ERROR -     at Layer.handle [as handle_request] (/Applications/Framer X.app/Contents/Resources/Server/node_modules/express/lib/router/layer.js:95:5)
[2020-03-09 17:50:35.4110] - ERROR -     at next (/Applications/Framer X.app/Contents/Resources/Server/node_modules/express/lib/router/route.js:137:13)
[2020-03-09 17:50:35.4110] - ERROR -     at exports.isAuthenticated (/Applications/Framer X.app/Contents/Resources/Server/lib/middleware.js:79:9)
[2020-03-09 17:50:35.4110] - ERROR -     at Layer.handle [as handle_request] (/Applications/Framer X.app/Contents/Resources/Server/node_modules/express/lib/router/layer.js:95:5)
[2020-03-09 17:50:35.4110] - ERROR -     at next (/Applications/Framer X.app/Contents/Resources/Server/node_modules/express/lib/router/route.js:137:13)
[2020-03-09 17:50:35.4110] - ERROR -     at Route.dispatch (/Applications/Framer X.app/Contents/Resources/Server/node_modules/express/lib/router/route.js:112:3)
[2020-03-09 17:51:05.4100] - ERROR - Error: ENOENT: no such file or directory, scandir '/Users/andrea/Documents/BTS/07. Interface Development/Lecture9.framerfx/code'
[2020-03-09 17:51:05.4110] - ERROR -     at Object.readdirSync (fs.js:783:3)
[2020-03-09 17:51:05.4110] - ERROR -     at scandir (/Applications/Framer X.app/Contents/Resources/Server/lib/project.js:1265:32)
[2020-03-09 17:51:05.4110] - ERROR -     at Project.getCodeFilesAndFolders (/Applications/Framer X.app/Contents/Resources/Server/lib/project.js:1276:9)
[2020-03-09 17:51:05.4110] - ERROR -     at Server.app.get (/Applications/Framer X.app/Contents/Resources/Server/lib/server.js:136:37)
[2020-03-09 17:51:05.4110] - ERROR -     at Layer.handle [as handle_request] (/Applications/Framer X.app/Contents/Resources/Server/node_modules/express/lib/router/layer.js:95:5)
[2020-03-09 17:51:05.4110] - ERROR -     at next (/Applications/Framer X.app/Contents/Resources/Server/node_modules/express/lib/router/route.js:137:13)
[2020-03-09 17:51:05.4110] - ERROR -     at exports.isAuthenticated (/Applications/Framer X.app/Contents/Resources/Server/lib/middleware.js:79:9)
[2020-03-09 17:51:05.4120] - ERROR -     at Layer.handle [as handle_request] (/Applications/Framer X.app/Contents/Resources/Server/node_modules/express/lib/router/layer.js:95:5)
[2020-03-09 17:51:05.4120] - ERROR -     at next (/Applications/Framer X.app/Contents/Resources/Server/node_modules/express/lib/router/route.js:137:13)
[2020-03-09 17:51:05.4120] - ERROR -     at Route.dispatch (/Applications/Framer X.app/Contents/Resources/Server/node_modules/express/lib/router/route.js:112:3)
[2020-03-09 17:51:35.4120] - ERROR - Error: ENOENT: no such file or directory, scandir '/Users/andrea/Documents/BTS/07. Interface Development/Lecture9.framerfx/code'
[2020-03-09 17:51:35.4120] - ERROR -     at Object.readdirSync (fs.js:783:3)
[2020-03-09 17:51:35.4120] - ERROR -     at scandir (/Applications/Framer X.app/Contents/Resources/Server/lib/project.js:1265:32)
[2020-03-09 17:51:35.4120] - ERROR -     at Project.getCodeFilesAndFolders (/Applications/Framer X.app/Contents/Resources/Server/lib/project.js:1276:9)
[2020-03-09 17:51:35.4120] - ERROR -     at Server.app.get (/Applications/Framer X.app/Contents/Resources/Server/lib/server.js:136:37)
[2020-03-09 17:51:35.4120] - ERROR -     at Layer.handle [as handle_request] (/Applications/Framer X.app/Contents/Resources/Server/node_modules/express/lib/router/layer.js:95:5)
[2020-03-09 17:51:35.4120] - ERROR -     at next (/Applications/Framer X.app/Contents/Resources/Server/node_modules/express/lib/router/route.js:137:13)
[2020-03-09 17:51:35.4130] - ERROR -     at exports.isAuthenticated (/Applications/Framer X.app/Contents/Resources/Server/lib/middleware.js:79:9)
[2020-03-09 17:51:35.4130] - ERROR -     at Layer.handle [as handle_request] (/Applications/Framer X.app/Contents/Resources/Server/node_modules/express/lib/router/layer.js:95:5)
[2020-03-09 17:51:35.4130] - ERROR -     at next (/Applications/Framer X.app/Contents/Resources/Server/node_modules/express/lib/router/route.js:137:13)
[2020-03-09 17:51:35.4130] - ERROR -     at Route.dispatch (/Applications/Framer X.app/Contents/Resources/Server/node_modules/express/lib/router/route.js:112:3)
[2020-03-09 17:52:05.4080] - ERROR - Error: ENOENT: no such file or directory, scandir '/Users/andrea/Documents/BTS/07. Interface Development/Lecture9.framerfx/code'
[2020-03-09 17:52:05.4080] - ERROR -     at Object.readdirSync (fs.js:783:3)
[2020-03-09 17:52:05.4080] - ERROR -     at scandir (/Applications/Framer X.app/Contents/Resources/Server/lib/project.js:1265:32)
[2020-03-09 17:52:05.4090] - ERROR -     at Project.getCodeFilesAndFolders (/Applications/Framer X.app/Contents/Resources/Server/lib/project.js:1276:9)
[2020-03-09 17:52:05.4090] - ERROR -     at Server.app.get (/Applications/Framer X.app/Contents/Resources/Server/lib/server.js:136:37)
[2020-03-09 17:52:05.4090] - ERROR -     at Layer.handle [as handle_request] (/Applications/Framer X.app/Contents/Resources/Server/node_modules/express/lib/router/layer.js:95:5)
[2020-03-09 17:52:05.4090] - ERROR -     at next (/Applications/Framer X.app/Contents/Resources/Server/node_modules/express/lib/router/route.js:137:13)
[2020-03-09 17:52:05.4090] - ERROR -     at exports.isAuthenticated (/Applications/Framer X.app/Contents/Resources/Server/lib/middleware.js:79:9)
[2020-03-09 17:52:05.4090] - ERROR -     at Layer.handle [as handle_request] (/Applications/Framer X.app/Contents/Resources/Server/node_modules/express/lib/router/layer.js:95:5)
[2020-03-09 17:52:05.4090] - ERROR -     at next (/Applications/Framer X.app/Contents/Resources/Server/node_modules/express/lib/router/route.js:137:13)
[2020-03-09 17:52:05.4090] - ERROR -     at Route.dispatch (/Applications/Framer X.app/Contents/Resources/Server/node_modules/express/lib/router/route.js:112:3)
[2020-03-09 17:52:22.8910] - ERROR - yarn outdated: No lockfile in this directory. Run `yarn install` to generate one.
[2020-03-09 17:52:35.4110] - ERROR - Error: ENOENT: no such file or directory, scandir '/Users/andrea/Documents/BTS/07. Interface Development/Lecture9.framerfx/code'
[2020-03-09 17:52:35.4110] - ERROR -     at Object.readdirSync (fs.js:783:3)
[2020-03-09 17:52:35.4120] - ERROR -     at scandir (/Applications/Framer X.app/Contents/Resources/Server/lib/project.js:1265:32)
[2020-03-09 17:52:35.4120] - ERROR -     at Project.getCodeFilesAndFolders (/Applications/Framer X.app/Contents/Resources/Server/lib/project.js:1276:9)
[2020-03-09 17:52:35.4120] - ERROR -     at Server.app.get (/Applications/Framer X.app/Contents/Resources/Server/lib/server.js:136:37)
[2020-03-09 17:52:35.4120] - ERROR -     at Layer.handle [as handle_request] (/Applications/Framer X.app/Contents/Resources/Server/node_modules/express/lib/router/layer.js:95:5)
[2020-03-09 17:52:35.4120] - ERROR -     at next (/Applications/Framer X.app/Contents/Resources/Server/node_modules/express/lib/router/route.js:137:13)
[2020-03-09 17:52:35.4120] - ERROR -     at exports.isAuthenticated (/Applications/Framer X.app/Contents/Resources/Server/lib/middleware.js:79:9)
[2020-03-09 17:52:35.4120] - ERROR -     at Layer.handle [as handle_request] (/Applications/Framer X.app/Contents/Resources/Server/node_modules/express/lib/router/layer.js:95:5)
[2020-03-09 17:52:35.4120] - ERROR -     at next (/Applications/Framer X.app/Contents/Resources/Server/node_modules/express/lib/router/route.js:137:13)
[2020-03-09 17:52:35.4120] - ERROR -     at Route.dispatch (/Applications/Framer X.app/Contents/Resources/Server/node_modules/express/lib/router/route.js:112:3)
[2020-03-09 17:53:05.4090] - ERROR - Error: ENOENT: no such file or directory, scandir '/Users/andrea/Documents/BTS/07. Interface Development/Lecture9.framerfx/code'
[2020-03-09 17:53:05.4090] - ERROR -     at Object.readdirSync (fs.js:783:3)
[2020-03-09 17:53:05.4090] - ERROR -     at scandir (/Applications/Framer X.app/Contents/Resources/Server/lib/project.js:1265:32)
[2020-03-09 17:53:05.4100] - ERROR -     at Project.getCodeFilesAndFolders (/Applications/Framer X.app/Contents/Resources/Server/lib/project.js:1276:9)
[2020-03-09 17:53:05.4100] - ERROR -     at Server.app.get (/Applications/Framer X.app/Contents/Resources/Server/lib/server.js:136:37)
[2020-03-09 17:53:05.4100] - ERROR -     at Layer.handle [as handle_request] (/Applications/Framer X.app/Contents/Resources/Server/node_modules/express/lib/router/layer.js:95:5)
[2020-03-09 17:53:05.4100] - ERROR -     at next (/Applications/Framer X.app/Contents/Resources/Server/node_modules/express/lib/router/route.js:137:13)
[2020-03-09 17:53:05.4100] - ERROR -     at exports.isAuthenticated (/Applications/Framer X.app/Contents/Resources/Server/lib/middleware.js:79:9)
[2020-03-09 17:53:05.4100] - ERROR -     at Layer.handle [as handle_request] (/Applications/Framer X.app/Contents/Resources/Server/node_modules/express/lib/router/layer.js:95:5)
[2020-03-09 17:53:05.4100] - ERROR -     at next (/Applications/Framer X.app/Contents/Resources/Server/node_modules/express/lib/router/route.js:137:13)
[2020-03-09 17:53:05.4100] - ERROR -     at Route.dispatch (/Applications/Framer X.app/Contents/Resources/Server/node_modules/express/lib/router/route.js:112:3)
[2020-03-09 17:53:35.4130] - ERROR - Error: ENOENT: no such file or directory, scandir '/Users/andrea/Documents/BTS/07. Interface Development/Lecture9.framerfx/code'
[2020-03-09 17:53:35.4130] - ERROR -     at Object.readdirSync (fs.js:783:3)
[2020-03-09 17:53:35.4130] - ERROR -     at scandir (/Applications/Framer X.app/Contents/Resources/Server/lib/project.js:1265:32)
[2020-03-09 17:53:35.4130] - ERROR -     at Project.getCodeFilesAndFolders (/Applications/Framer X.app/Contents/Resources/Server/lib/project.js:1276:9)
[2020-03-09 17:53:35.4130] - ERROR -     at Server.app.get (/Applications/Framer X.app/Contents/Resources/Server/lib/server.js:136:37)
[2020-03-09 17:53:35.4130] - ERROR -     at Layer.handle [as handle_request] (/Applications/Framer X.app/Contents/Resources/Server/node_modules/express/lib/router/layer.js:95:5)
[2020-03-09 17:53:35.4130] - ERROR -     at next (/Applications/Framer X.app/Contents/Resources/Server/node_modules/express/lib/router/route.js:137:13)
[2020-03-09 17:53:35.4130] - ERROR -     at exports.isAuthenticated (/Applications/Framer X.app/Contents/Resources/Server/lib/middleware.js:79:9)
[2020-03-09 17:53:35.4130] - ERROR -     at Layer.handle [as handle_request] (/Applications/Framer X.app/Contents/Resources/Server/node_modules/express/lib/router/layer.js:95:5)
[2020-03-09 17:53:35.4130] - ERROR -     at next (/Applications/Framer X.app/Contents/Resources/Server/node_modules/express/lib/router/route.js:137:13)
[2020-03-09 17:53:35.4140] - ERROR -     at Route.dispatch (/Applications/Framer X.app/Contents/Resources/Server/node_modules/express/lib/router/route.js:112:3)
[2020-03-09 17:54:05.4130] - ERROR - Error: ENOENT: no such file or directory, scandir '/Users/andrea/Documents/BTS/07. Interface Development/Lecture9.framerfx/code'
[2020-03-09 17:54:05.4130] - ERROR -     at Object.readdirSync (fs.js:783:3)
[2020-03-09 17:54:05.4130] - ERROR -     at scandir (/Applications/Framer X.app/Contents/Resources/Server/lib/project.js:1265:32)
[2020-03-09 17:54:05.4130] - ERROR -     at Project.getCodeFilesAndFolders (/Applications/Framer X.app/Contents/Resources/Server/lib/project.js:1276:9)
[2020-03-09 17:54:05.4130] - ERROR -     at Server.app.get (/Applications/Framer X.app/Contents/Resources/Server/lib/server.js:136:37)
[2020-03-09 17:54:05.4130] - ERROR -     at Layer.handle [as handle_request] (/Applications/Framer X.app/Contents/Resources/Server/node_modules/express/lib/router/layer.js:95:5)
[2020-03-09 17:54:05.4140] - ERROR -     at next (/Applications/Framer X.app/Contents/Resources/Server/node_modules/express/lib/router/route.js:137:13)
[2020-03-09 17:54:05.4140] - ERROR -     at exports.isAuthenticated (/Applications/Framer X.app/Contents/Resources/Server/lib/middleware.js:79:9)
[2020-03-09 17:54:05.4140] - ERROR -     at Layer.handle [as handle_request] (/Applications/Framer X.app/Contents/Resources/Server/node_modules/express/lib/router/layer.js:95:5)
[2020-03-09 17:54:05.4140] - ERROR -     at next (/Applications/Framer X.app/Contents/Resources/Server/node_modules/express/lib/router/route.js:137:13)
[2020-03-09 17:54:05.4140] - ERROR -     at Route.dispatch (/Applications/Framer X.app/Contents/Resources/Server/node_modules/express/lib/router/route.js:112:3)
[2020-03-09 17:54:23.0050] - ERROR - yarn outdated: No lockfile in this directory. Run `yarn install` to generate one.
[2020-03-09 17:54:35.4780] - ERROR - Error: ENOENT: no such file or directory, scandir '/Users/andrea/Documents/BTS/07. Interface Development/Lecture9.framerfx/code'
[2020-03-09 17:54:35.4780] - ERROR -     at Object.readdirSync (fs.js:783:3)
[2020-03-09 17:54:35.4780] - ERROR -     at scandir (/Applications/Framer X.app/Contents/Resources/Server/lib/project.js:1265:32)
[2020-03-09 17:54:35.4780] - ERROR -     at Project.getCodeFilesAndFolders (/Applications/Framer X.app/Contents/Resources/Server/lib/project.js:1276:9)
[2020-03-09 17:54:35.4780] - ERROR -     at Server.app.get (/Applications/Framer X.app/Contents/Resources/Server/lib/server.js:136:37)
[2020-03-09 17:54:35.4780] - ERROR -     at Layer.handle [as handle_request] (/Applications/Framer X.app/Contents/Resources/Server/node_modules/express/lib/router/layer.js:95:5)
[2020-03-09 17:54:35.4780] - ERROR -     at next (/Applications/Framer X.app/Contents/Resources/Server/node_modules/express/lib/router/route.js:137:13)
[2020-03-09 17:54:35.4780] - ERROR -     at exports.isAuthenticated (/Applications/Framer X.app/Contents/Resources/Server/lib/middleware.js:79:9)
[2020-03-09 17:54:35.4780] - ERROR -     at Layer.handle [as handle_request] (/Applications/Framer X.app/Contents/Resources/Server/node_modules/express/lib/router/layer.js:95:5)
[2020-03-09 17:54:35.4790] - ERROR -     at next (/Applications/Framer X.app/Contents/Resources/Server/node_modules/express/lib/router/route.js:137:13)
[2020-03-09 17:54:35.4790] - ERROR -     at Route.dispatch (/Applications/Framer X.app/Contents/Resources/Server/node_modules/express/lib/router/route.js:112:3)
[2020-03-09 17:55:05.4140] - ERROR - Error: ENOENT: no such file or directory, scandir '/Users/andrea/Documents/BTS/07. Interface Development/Lecture9.framerfx/code'
[2020-03-09 17:55:05.4140] - ERROR -     at Object.readdirSync (fs.js:783:3)
[2020-03-09 17:55:05.4140] - ERROR -     at scandir (/Applications/Framer X.app/Contents/Resources/Server/lib/project.js:1265:32)
[2020-03-09 17:55:05.4140] - ERROR -     at Project.getCodeFilesAndFolders (/Applications/Framer X.app/Contents/Resources/Server/lib/project.js:1276:9)
[2020-03-09 17:55:05.4140] - ERROR -     at Server.app.get (/Applications/Framer X.app/Contents/Resources/Server/lib/server.js:136:37)
[2020-03-09 17:55:05.4140] - ERROR -     at Layer.handle [as handle_request] (/Applications/Framer X.app/Contents/Resources/Server/node_modules/express/lib/router/layer.js:95:5)
[2020-03-09 17:55:05.4140] - ERROR -     at next (/Applications/Framer X.app/Contents/Resources/Server/node_modules/express/lib/router/route.js:137:13)
[2020-03-09 17:55:05.4140] - ERROR -     at exports.isAuthenticated (/Applications/Framer X.app/Contents/Resources/Server/lib/middleware.js:79:9)
[2020-03-09 17:55:05.4140] - ERROR -     at Layer.handle [as handle_request] (/Applications/Framer X.app/Contents/Resources/Server/node_modules/express/lib/router/layer.js:95:5)
[2020-03-09 17:55:05.4150] - ERROR -     at next (/Applications/Framer X.app/Contents/Resources/Server/node_modules/express/lib/router/route.js:137:13)
[2020-03-09 17:55:05.4150] - ERROR -     at Route.dispatch (/Applications/Framer X.app/Contents/Resources/Server/node_modules/express/lib/router/route.js:112:3)
[2020-03-09 17:55:35.4170] - ERROR - Error: ENOENT: no such file or directory, scandir '/Users/andrea/Documents/BTS/07. Interface Development/Lecture9.framerfx/code'
[2020-03-09 17:55:35.4170] - ERROR -     at Object.readdirSync (fs.js:783:3)
[2020-03-09 17:55:35.4170] - ERROR -     at scandir (/Applications/Framer X.app/Contents/Resources/Server/lib/project.js:1265:32)
[2020-03-09 17:55:35.4170] - ERROR -     at Project.getCodeFilesAndFolders (/Applications/Framer X.app/Contents/Resources/Server/lib/project.js:1276:9)
[2020-03-09 17:55:35.4180] - ERROR -     at Server.app.get (/Applications/Framer X.app/Contents/Resources/Server/lib/server.js:136:37)
[2020-03-09 17:55:35.4180] - ERROR -     at Layer.handle [as handle_request] (/Applications/Framer X.app/Contents/Resources/Server/node_modules/express/lib/router/layer.js:95:5)
[2020-03-09 17:55:35.4180] - ERROR -     at next (/Applications/Framer X.app/Contents/Resources/Server/node_modules/express/lib/router/route.js:137:13)
[2020-03-09 17:55:35.4180] - ERROR -     at exports.isAuthenticated (/Applications/Framer X.app/Contents/Resources/Server/lib/middleware.js:79:9)
[2020-03-09 17:55:35.4180] - ERROR -     at Layer.handle [as handle_request] (/Applications/Framer X.app/Contents/Resources/Server/node_modules/express/lib/router/layer.js:95:5)
[2020-03-09 17:55:35.4180] - ERROR -     at next (/Applications/Framer X.app/Contents/Resources/Server/node_modules/express/lib/router/route.js:137:13)
[2020-03-09 17:55:35.4180] - ERROR -     at Route.dispatch (/Applications/Framer X.app/Contents/Resources/Server/node_modules/express/lib/router/route.js:112:3)
[2020-03-09 17:56:05.4180] - ERROR - Error: ENOENT: no such file or directory, scandir '/Users/andrea/Documents/BTS/07. Interface Development/Lecture9.framerfx/code'
[2020-03-09 17:56:05.4180] - ERROR -     at Object.readdirSync (fs.js:783:3)
[2020-03-09 17:56:05.4180] - ERROR -     at scandir (/Applications/Framer X.app/Contents/Resources/Server/lib/project.js:1265:32)
[2020-03-09 17:56:05.4190] - ERROR -     at Project.getCodeFilesAndFolders (/Applications/Framer X.app/Contents/Resources/Server/lib/project.js:1276:9)
[2020-03-09 17:56:05.4190] - ERROR -     at Server.app.get (/Applications/Framer X.app/Contents/Resources/Server/lib/server.js:136:37)
[2020-03-09 17:56:05.4190] - ERROR -     at Layer.handle [as handle_request] (/Applications/Framer X.app/Contents/Resources/Server/node_modules/express/lib/router/layer.js:95:5)
[2020-03-09 17:56:05.4190] - ERROR -     at next (/Applications/Framer X.app/Contents/Resources/Server/node_modules/express/lib/router/route.js:137:13)
[2020-03-09 17:56:05.4190] - ERROR -     at exports.isAuthenticated (/Applications/Framer X.app/Contents/Resources/Server/lib/middleware.js:79:9)
[2020-03-09 17:56:05.4190] - ERROR -     at Layer.handle [as handle_request] (/Applications/Framer X.app/Contents/Resources/Server/node_modules/express/lib/router/layer.js:95:5)
[2020-03-09 17:56:05.4190] - ERROR -     at next (/Applications/Framer X.app/Contents/Resources/Server/node_modules/express/lib/router/route.js:137:13)
[2020-03-09 17:56:05.4190] - ERROR -     at Route.dispatch (/Applications/Framer X.app/Contents/Resources/Server/node_modules/express/lib/router/route.js:112:3)
[2020-03-09 17:56:22.8950] - ERROR - yarn outdated: No lockfile in this directory. Run `yarn install` to generate one.
[2020-03-09 17:56:35.4190] - ERROR - Error: ENOENT: no such file or directory, scandir '/Users/andrea/Documents/BTS/07. Interface Development/Lecture9.framerfx/code'
[2020-03-09 17:56:35.4200] - ERROR -     at Object.readdirSync (fs.js:783:3)
[2020-03-09 17:56:35.4200] - ERROR -     at scandir (/Applications/Framer X.app/Contents/Resources/Server/lib/project.js:1265:32)
[2020-03-09 17:56:35.4200] - ERROR -     at Project.getCodeFilesAndFolders (/Applications/Framer X.app/Contents/Resources/Server/lib/project.js:1276:9)
[2020-03-09 17:56:35.4200] - ERROR -     at Server.app.get (/Applications/Framer X.app/Contents/Resources/Server/lib/server.js:136:37)
[2020-03-09 17:56:35.4200] - ERROR -     at Layer.handle [as handle_request] (/Applications/Framer X.app/Contents/Resources/Server/node_modules/express/lib/router/layer.js:95:5)
[2020-03-09 17:56:35.4200] - ERROR -     at next (/Applications/Framer X.app/Contents/Resources/Server/node_modules/express/lib/router/route.js:137:13)
[2020-03-09 17:56:35.4210] - ERROR -     at exports.isAuthenticated (/Applications/Framer X.app/Contents/Resources/Server/lib/middleware.js:79:9)
[2020-03-09 17:56:35.4210] - ERROR -     at Layer.handle [as handle_request] (/Applications/Framer X.app/Contents/Resources/Server/node_modules/express/lib/router/layer.js:95:5)
[2020-03-09 17:56:35.4210] - ERROR -     at next (/Applications/Framer X.app/Contents/Resources/Server/node_modules/express/lib/router/route.js:137:13)
[2020-03-09 17:56:35.4210] - ERROR -     at Route.dispatch (/Applications/Framer X.app/Contents/Resources/Server/node_modules/express/lib/router/route.js:112:3)
[2020-03-09 17:57:05.4210] - ERROR - Error: ENOENT: no such file or directory, scandir '/Users/andrea/Documents/BTS/07. Interface Development/Lecture9.framerfx/code'
[2020-03-09 17:57:05.4220] - ERROR -     at Object.readdirSync (fs.js:783:3)
[2020-03-09 17:57:05.4220] - ERROR -     at scandir (/Applications/Framer X.app/Contents/Resources/Server/lib/project.js:1265:32)
[2020-03-09 17:57:05.4220] - ERROR -     at Project.getCodeFilesAndFolders (/Applications/Framer X.app/Contents/Resources/Server/lib/project.js:1276:9)
[2020-03-09 17:57:05.4220] - ERROR -     at Server.app.get (/Applications/Framer X.app/Contents/Resources/Server/lib/server.js:136:37)
[2020-03-09 17:57:05.4220] - ERROR -     at Layer.handle [as handle_request] (/Applications/Framer X.app/Contents/Resources/Server/node_modules/express/lib/router/layer.js:95:5)
[2020-03-09 17:57:05.4220] - ERROR -     at next (/Applications/Framer X.app/Contents/Resources/Server/node_modules/express/lib/router/route.js:137:13)
[2020-03-09 17:57:05.4220] - ERROR -     at exports.isAuthenticated (/Applications/Framer X.app/Contents/Resources/Server/lib/middleware.js:79:9)
[2020-03-09 17:57:05.4220] - ERROR -     at Layer.handle [as handle_request] (/Applications/Framer X.app/Contents/Resources/Server/node_modules/express/lib/router/layer.js:95:5)
[2020-03-09 17:57:05.4230] - ERROR -     at next (/Applications/Framer X.app/Contents/Resources/Server/node_modules/express/lib/router/route.js:137:13)
[2020-03-09 17:57:05.4230] - ERROR -     at Route.dispatch (/Applications/Framer X.app/Contents/Resources/Server/node_modules/express/lib/router/route.js:112:3)
[2020-03-09 17:57:35.4170] - ERROR - Error: ENOENT: no such file or directory, scandir '/Users/andrea/Documents/BTS/07. Interface Development/Lecture9.framerfx/code'
[2020-03-09 17:57:35.4180] - ERROR -     at Object.readdirSync (fs.js:783:3)
[2020-03-09 17:57:35.4180] - ERROR -     at scandir (/Applications/Framer X.app/Contents/Resources/Server/lib/project.js:1265:32)
[2020-03-09 17:57:35.4180] - ERROR -     at Project.getCodeFilesAndFolders (/Applications/Framer X.app/Contents/Resources/Server/lib/project.js:1276:9)
[2020-03-09 17:57:35.4180] - ERROR -     at Server.app.get (/Applications/Framer X.app/Contents/Resources/Server/lib/server.js:136:37)
[2020-03-09 17:57:35.4180] - ERROR -     at Layer.handle [as handle_request] (/Applications/Framer X.app/Contents/Resources/Server/node_modules/express/lib/router/layer.js:95:5)
[2020-03-09 17:57:35.4180] - ERROR -     at next (/Applications/Framer X.app/Contents/Resources/Server/node_modules/express/lib/router/route.js:137:13)
[2020-03-09 17:57:35.4180] - ERROR -     at exports.isAuthenticated (/Applications/Framer X.app/Contents/Resources/Server/lib/middleware.js:79:9)
[2020-03-09 17:57:35.4180] - ERROR -     at Layer.handle [as handle_request] (/Applications/Framer X.app/Contents/Resources/Server/node_modules/express/lib/router/layer.js:95:5)
[2020-03-09 17:57:35.4180] - ERROR -     at next (/Applications/Framer X.app/Contents/Resources/Server/node_modules/express/lib/router/route.js:137:13)
[2020-03-09 17:57:35.4180] - ERROR -     at Route.dispatch (/Applications/Framer X.app/Contents/Resources/Server/node_modules/express/lib/router/route.js:112:3)
[2020-03-09 17:58:22.9000] - ERROR - yarn outdated: No lockfile in this directory. Run `yarn install` to generate one.
[2020-03-09 17:59:36.2990] - INFO - Backing up to /Users/andrea/Documents/BTS/07. Interface Development/Lecture9.framerfx/.backups/2020-03-09 17.59.36.zip
[2020-03-09 18:00:22.9450] - ERROR - yarn outdated: No lockfile in this directory. Run `yarn install` to generate one.
[2020-03-09 18:02:22.9480] - ERROR - yarn outdated: No lockfile in this directory. Run `yarn install` to generate one.
[2020-03-09 18:04:22.9480] - ERROR - yarn outdated: No lockfile in this directory. Run `yarn install` to generate one.
[2020-03-09 18:06:22.9570] - ERROR - yarn outdated: No lockfile in this directory. Run `yarn install` to generate one.
[2020-03-09 18:08:22.9590] - ERROR - yarn outdated: No lockfile in this directory. Run `yarn install` to generate one.
[2020-03-09 18:08:44.7920] - DEBUG - [Save session: 6] Started, operation: autosaveInPlaceOperation, implicitly cancellable
[2020-03-09 18:08:44.7920] - DEBUG - [Save session: 6] Before container.writeChanges
[2020-03-09 18:08:44.7920] - DEBUG - [Save session: 6] Not autosaving to archive, implicitly cancellable
[2020-03-09 18:08:44.8050] - DEBUG - [Save session: 6] Completed container.writeChanges
[2020-03-09 18:09:36.3240] - INFO - Backing up to /Users/andrea/Documents/BTS/07. Interface Development/Lecture9.framerfx/.backups/2020-03-09 18.09.36.zip
[2020-03-09 18:10:22.9850] - ERROR - yarn outdated: No lockfile in this directory. Run `yarn install` to generate one.
[2020-03-09 18:12:22.9670] - ERROR - yarn outdated: No lockfile in this directory. Run `yarn install` to generate one.
[2020-03-09 18:13:30.6340] - DEBUG - [Save session: 7] Started, operation: autosaveInPlaceOperation
[2020-03-09 18:13:30.6340] - DEBUG - [Save session: 7] Before container.writeChanges
[2020-03-09 18:13:30.6340] - DEBUG - [Save session: 7] Before waitUsingRecursiveRunLoop
[2020-03-09 18:13:30.6430] - DEBUG - [Save session: 7] Completed container.writeChanges
[2020-03-09 18:13:30.6430] - DEBUG - [Save session: 7] Completed waitUsingRecursiveRunLoop
[2020-03-09 18:13:30.6470] - DEBUG - [Save session: 7] Completed super.save
[2020-03-09 18:14:22.9680] - ERROR - yarn outdated: No lockfile in this directory. Run `yarn install` to generate one.
[2020-03-09 18:14:32.9230] - DEBUG - [Save session: 8] Started, operation: autosaveInPlaceOperation, implicitly cancellable
[2020-03-09 18:14:32.9240] - DEBUG - [Save session: 8] Before container.writeChanges
[2020-03-09 18:14:32.9240] - DEBUG - [Save session: 8] Not autosaving to archive, implicitly cancellable
[2020-03-09 18:14:32.9360] - DEBUG - [Save session: 8] Completed container.writeChanges
[2020-03-09 18:16:22.9760] - ERROR - yarn outdated: No lockfile in this directory. Run `yarn install` to generate one.
[2020-03-09 18:18:22.9950] - ERROR - yarn outdated: No lockfile in this directory. Run `yarn install` to generate one.
[2020-03-09 18:19:36.3310] - INFO - Backing up to /Users/andrea/Documents/BTS/07. Interface Development/Lecture9.framerfx/.backups/2020-03-09 18.19.36.zip
